Start testing: Jun 17 22:30 ART
----------------------------------------------------------
1/5 Testing: mockAuthenticationCtrlTest
1/5 Test: mockAuthenticationCtrlTest
Command: "/home/agustin/git/serverapp/AppServer/cmake/mockAuthenticationCtrlTest"
Directory: /home/agustin/git/serverapp/AppServer/cmake
"mockAuthenticationCtrlTest" start time: Jun 17 22:30 ART
Output:
----------------------------------------------------------
INFO - Iniciando Tests
[==========] Running 3 tests from 3 test cases.
[----------] Global test environment set-up.
[----------] 1 test from JwTokenTest
[ RUN      ] JwTokenTest.generatingToken
DEBUG - EMAIL PARA EL PAYLOAD: sivori.daniel@gmail.com 0x1fcdee0
DEBUG - TIMESTAMP: 1466213421 0x1fcdee0
DEBUG - EXPIRE: 60 0x1fcdee0
DEBUG - TOKEN GENERADO 0x1fcdee0
*****************************************************************
TOKEN GENERADO: eyJ0eXAiOiJKV1QiLCJhbGciOiJIUzI1NiJ9.eyJlbWFpbCI6InNpdm9yaS5kYW5pZWxAZ21haWwuY29tIiwiZXhwaXJlIjoiNjAiLCJ0aW1lc3RhbXAiOiIxNDY2MjEzNDIxIn0.FHL2PICm0KKM8x9NHSWPWAlgmOQUxA-nDbmU62ywjww
*****************************************************************
[       OK ] JwTokenTest.generatingToken (37 ms)
[----------] 1 test from JwTokenTest (37 ms total)

[----------] 1 test from AuthorizationTokenTest
[ RUN      ] AuthorizationTokenTest.isValidToken
DEBUG - EMAIL PARA EL PAYLOAD: 17 0x1fcdee0
DEBUG - TIMESTAMP: 1466213421 0x1fcdee0
DEBUG - EXPIRE: 60 0x1fcdee0
DEBUG - TOKEN GENERADO 0x1fcdee0
[       OK ] AuthorizationTokenTest.isValidToken (0 ms)
[----------] 1 test from AuthorizationTokenTest (1 ms total)

[----------] 1 test from AuthenticationServiceTest
[ RUN      ] AuthenticationServiceTest.login
DEBUG - JSON: {"user":{"email":"","id":"1","name":"sivori.daniel@gmail.com","password":"password","token":""}}

DEBUG - Password base password
DEBUG - Password ingresado password
DEBUG - Email base 
[       OK ] AuthenticationServiceTest.login (0 ms)
[----------] 1 test from AuthenticationServiceTest (0 ms total)

[----------] Global test environment tear-down
[==========] 3 tests from 3 test cases ran. (38 ms total)
[  PASSED  ] 3 tests.
<end of output>
Test time =   0.80 sec
----------------------------------------------------------
Test Passed.
"mockAuthenticationCtrlTest" end time: Jun 17 22:30 ART
"mockAuthenticationCtrlTest" time elapsed: 00:00:00
----------------------------------------------------------

2/5 Testing: mockMatchServiceTest
2/5 Test: mockMatchServiceTest
Command: "/home/agustin/git/serverapp/AppServer/cmake/mockMatchServiceTest"
Directory: /home/agustin/git/serverapp/AppServer/cmake
"mockMatchServiceTest" start time: Jun 17 22:30 ART
Output:
----------------------------------------------------------
INFO - Iniciando Tests
[==========] Running 18 tests from 18 test cases.
[----------] Global test environment set-up.
[----------] 1 test from MatchServiceConfirmTest
[ RUN      ] MatchServiceConfirmTest.confirmingUser
INFO - Confirmando match con usuario alinari para usuario psivori

GMOCK WARNING:
Uninteresting mock function call - returning directly.
    Function call: put("psivori", 0x2652250)
NOTE: You can safely ignore the above warning unless this call should not happen.  Do not suppress it by blindly adding an EXPECT_CALL() if you don't mean to enforce the call.  See https://github.com/google/googletest/blob/master/googlemock/docs/CookBook.md#knowing-when-to-expect for details.
INFO - Se crea el chat entre el usuario alinari y el usuario psivori
[       OK ] MatchServiceConfirmTest.confirmingUser (3 ms)
[----------] 1 test from MatchServiceConfirmTest (3 ms total)

[----------] 1 test from MatchServiceConfirmBadUserTest
[ RUN      ] MatchServiceConfirmBadUserTest.confirmingBadUser
ERROR - Es el mismo usuario
[       OK ] MatchServiceConfirmBadUserTest.confirmingBadUser (0 ms)
[----------] 1 test from MatchServiceConfirmBadUserTest (0 ms total)

[----------] 1 test from MatchServiceConfirmUserIsInAcceptedListTest
[ RUN      ] MatchServiceConfirmUserIsInAcceptedListTest.confirmingUserIsInAcceptedList
ERROR - El usuario alinari ya se encuentra en la lista de aceptados
[       OK ] MatchServiceConfirmUserIsInAcceptedListTest.confirmingUserIsInAcceptedList (0 ms)
[----------] 1 test from MatchServiceConfirmUserIsInAcceptedListTest (0 ms total)

[----------] 1 test from MatchServiceConfirmUserIsInRejectedListTest
[ RUN      ] MatchServiceConfirmUserIsInRejectedListTest.confirmingUserIsInRejectedList
ERROR - El usuario alinari ya se encuentra en la lista de rechazados
[       OK ] MatchServiceConfirmUserIsInRejectedListTest.confirmingUserIsInRejectedList (1 ms)
[----------] 1 test from MatchServiceConfirmUserIsInRejectedListTest (1 ms total)

[----------] 1 test from MatchServiceConfirmUserIsNotMatchedTest
[ RUN      ] MatchServiceConfirmUserIsNotMatchedTest.confirmingUserIsNotMatched
[       OK ] MatchServiceConfirmUserIsNotMatchedTest.confirmingUserIsNotMatched (0 ms)
[----------] 1 test from MatchServiceConfirmUserIsNotMatchedTest (0 ms total)

[----------] 1 test from MatchServiceAccept1Test
[ RUN      ] MatchServiceAccept1Test.acceptingUser1
INFO - Agregando el usuario alinari a la lista de aceptados de psivori

GMOCK WARNING:
Uninteresting mock function call - returning directly.
    Function call: put("stats", 0x2654d50)
NOTE: You can safely ignore the above warning unless this call should not happen.  Do not suppress it by blindly adding an EXPECT_CALL() if you don't mean to enforce the call.  See https://github.com/google/googletest/blob/master/googlemock/docs/CookBook.md#knowing-when-to-expect for details.
[       OK ] MatchServiceAccept1Test.acceptingUser1 (1 ms)
[----------] 1 test from MatchServiceAccept1Test (1 ms total)

[----------] 1 test from MatchServiceAccept2Test
[ RUN      ] MatchServiceAccept2Test.acceptingUser2
INFO - Agregando el usuario alinari a la lista de aceptados de psivori

GMOCK WARNING:
Uninteresting mock function call - returning directly.
    Function call: put("stats", 0x2655730)
NOTE: You can safely ignore the above warning unless this call should not happen.  Do not suppress it by blindly adding an EXPECT_CALL() if you don't mean to enforce the call.  See https://github.com/google/googletest/blob/master/googlemock/docs/CookBook.md#knowing-when-to-expect for details.
[       OK ] MatchServiceAccept2Test.acceptingUser2 (0 ms)
[----------] 1 test from MatchServiceAccept2Test (0 ms total)

[----------] 1 test from MatchServiceAcceptBadUserTest
[ RUN      ] MatchServiceAcceptBadUserTest.acceptingBadUser
ERROR - Es el mismo usuario
[       OK ] MatchServiceAcceptBadUserTest.acceptingBadUser (0 ms)
[----------] 1 test from MatchServiceAcceptBadUserTest (1 ms total)

[----------] 1 test from MatchServiceAcceptUserIsInRejectedListTest
[ RUN      ] MatchServiceAcceptUserIsInRejectedListTest.confirmingUserIsInRejectedList
ERROR - El usuario alinari ya se encuentra en la lista de rechazados
ERROR - La entidad ya existe
[       OK ] MatchServiceAcceptUserIsInRejectedListTest.confirmingUserIsInRejectedList (0 ms)
[----------] 1 test from MatchServiceAcceptUserIsInRejectedListTest (0 ms total)

[----------] 1 test from MatchServiceAcceptUserIsMatchedTest
[ RUN      ] MatchServiceAcceptUserIsMatchedTest.confirmingUserIsMatched

GMOCK WARNING:
Uninteresting mock function call - returning default value.
    Function call: getChat("psivori", "jferrio")
          Returns: NULL
NOTE: You can safely ignore the above warning unless this call should not happen.  Do not suppress it by blindly adding an EXPECT_CALL() if you don't mean to enforce the call.  See https://github.com/google/googletest/blob/master/googlemock/docs/CookBook.md#knowing-when-to-expect for details.
ERROR - Los usuarios ya estan matcheados
ERROR - La entidad ya existe
[       OK ] MatchServiceAcceptUserIsMatchedTest.confirmingUserIsMatched (0 ms)
[----------] 1 test from MatchServiceAcceptUserIsMatchedTest (4 ms total)

[----------] 1 test from MatchServiceAcceptChatExistsTest
[ RUN      ] MatchServiceAcceptChatExistsTest.confirmingUserChatExists
ERROR - Los usuarios ya estan matcheados
ERROR - La entidad ya existe
[       OK ] MatchServiceAcceptChatExistsTest.confirmingUserChatExists (1 ms)
[----------] 1 test from MatchServiceAcceptChatExistsTest (1 ms total)

[----------] 1 test from MatchServiceRejectTest
[ RUN      ] MatchServiceRejectTest.rejectingUser
INFO - Agregando el usuario alinari a la lista de rechazados de psivori
[       OK ] MatchServiceRejectTest.rejectingUser (0 ms)
[----------] 1 test from MatchServiceRejectTest (0 ms total)

[----------] 1 test from MatchServiceRejectBadUserTest
[ RUN      ] MatchServiceRejectBadUserTest.rejectingBadUser
ERROR - Es el mismo usuario
[       OK ] MatchServiceRejectBadUserTest.rejectingBadUser (0 ms)
[----------] 1 test from MatchServiceRejectBadUserTest (0 ms total)

[----------] 1 test from MatchServiceRejectUserIsInAceptedListTest
[ RUN      ] MatchServiceRejectUserIsInAceptedListTest.rejectingUserIsInAceptedList
ERROR - El usuario alinari ya se encuentra en la lista de aceptados
ERROR - La entidad ya existe
[       OK ] MatchServiceRejectUserIsInAceptedListTest.rejectingUserIsInAceptedList (0 ms)
[----------] 1 test from MatchServiceRejectUserIsInAceptedListTest (0 ms total)

[----------] 1 test from MatchServiceRejectUserIsInRejectedListTest
[ RUN      ] MatchServiceRejectUserIsInRejectedListTest.rejectingUserIsInRejectedList
ERROR - El usuario alinari ya se encuentra en la lista de rechazados
[       OK ] MatchServiceRejectUserIsInRejectedListTest.rejectingUserIsInRejectedList (0 ms)
[----------] 1 test from MatchServiceRejectUserIsInRejectedListTest (0 ms total)

[----------] 1 test from MatchServiceRejectUserIsMatchedTest
[ RUN      ] MatchServiceRejectUserIsMatchedTest.rejectingUserIsMatched

GMOCK WARNING:
Uninteresting mock function call - returning default value.
    Function call: getChat("psivori", "jferrio")
          Returns: NULL
NOTE: You can safely ignore the above warning unless this call should not happen.  Do not suppress it by blindly adding an EXPECT_CALL() if you don't mean to enforce the call.  See https://github.com/google/googletest/blob/master/googlemock/docs/CookBook.md#knowing-when-to-expect for details.
ERROR - Los usuarios ya estan matcheados
ERROR - La entidad ya existe
[       OK ] MatchServiceRejectUserIsMatchedTest.rejectingUserIsMatched (0 ms)
[----------] 1 test from MatchServiceRejectUserIsMatchedTest (1 ms total)

[----------] 1 test from MatchServiceRejectChatExistsTest
[ RUN      ] MatchServiceRejectChatExistsTest.rejectingUserChatExists
ERROR - Los usuarios ya estan matcheados
ERROR - La entidad ya existe
[       OK ] MatchServiceRejectChatExistsTest.rejectingUserChatExists (0 ms)
[----------] 1 test from MatchServiceRejectChatExistsTest (0 ms total)

[----------] 1 test from MatchServiceTest
[ RUN      ] MatchServiceTest.getNewMatches
INFO - Obteniendo la lista de nuevos matches del usuario psivori
[       OK ] MatchServiceTest.getNewMatches (0 ms)
[----------] 1 test from MatchServiceTest (0 ms total)

[----------] Global test environment tear-down
[==========] 18 tests from 18 test cases ran. (21 ms total)
[  PASSED  ] 18 tests.
<end of output>
Test time =   0.15 sec
----------------------------------------------------------
Test Passed.
"mockMatchServiceTest" end time: Jun 17 22:30 ART
"mockMatchServiceTest" time elapsed: 00:00:00
----------------------------------------------------------

3/5 Testing: mockChatServiceTest
3/5 Test: mockChatServiceTest
Command: "/home/agustin/git/serverapp/AppServer/cmake/mockChatServiceTest"
Directory: /home/agustin/git/serverapp/AppServer/cmake
"mockChatServiceTest" start time: Jun 17 22:30 ART
Output:
----------------------------------------------------------
INFO - Iniciando Tests
[==========] Running 12 tests from 12 test cases.
[----------] Global test environment set-up.
[----------] 1 test from ChatServiceGetAllMessagesTest
[ RUN      ] ChatServiceGetAllMessagesTest.getAllMessages
[       OK ] ChatServiceGetAllMessagesTest.getAllMessages (0 ms)
[----------] 1 test from ChatServiceGetAllMessagesTest (1 ms total)

[----------] 1 test from ChatServiceGetAllMessagesNonexistentChatTest
[ RUN      ] ChatServiceGetAllMessagesNonexistentChatTest.getAllMessagesNonexistentChat
ERROR - No se encuentra el chat alinari-psivori
[       OK ] ChatServiceGetAllMessagesNonexistentChatTest.getAllMessagesNonexistentChat (0 ms)
[----------] 1 test from ChatServiceGetAllMessagesNonexistentChatTest (0 ms total)

[----------] 1 test from ChatServiceGetNewMessagesTest
[ RUN      ] ChatServiceGetNewMessagesTest.getNewMessages
[       OK ] ChatServiceGetNewMessagesTest.getNewMessages (0 ms)
[----------] 1 test from ChatServiceGetNewMessagesTest (0 ms total)

[----------] 1 test from ChatServiceGetNewMessagesNonexistentChatTest
[ RUN      ] ChatServiceGetNewMessagesNonexistentChatTest.getNewMessagesNonexistentChat
ERROR - No se encuentra el chat alinari-psivori
[       OK ] ChatServiceGetNewMessagesNonexistentChatTest.getNewMessagesNonexistentChat (0 ms)
[----------] 1 test from ChatServiceGetNewMessagesNonexistentChatTest (0 ms total)

[----------] 1 test from ChatServiceAddNewMessageTest
[ RUN      ] ChatServiceAddNewMessageTest.addNewMessage
[       OK ] ChatServiceAddNewMessageTest.addNewMessage (0 ms)
[----------] 1 test from ChatServiceAddNewMessageTest (0 ms total)

[----------] 1 test from ChatServiceAddNewMessageNonexistentChatTest
[ RUN      ] ChatServiceAddNewMessageNonexistentChatTest.addNewMessageNonexistentChat
ERROR - No se encuentra el chat alinari-psivori
[       OK ] ChatServiceAddNewMessageNonexistentChatTest.addNewMessageNonexistentChat (0 ms)
[----------] 1 test from ChatServiceAddNewMessageNonexistentChatTest (0 ms total)

[----------] 1 test from ChatServiceUpdateLastMessageTest
[ RUN      ] ChatServiceUpdateLastMessageTest.updateLastMessage
[       OK ] ChatServiceUpdateLastMessageTest.updateLastMessage (1 ms)
[----------] 1 test from ChatServiceUpdateLastMessageTest (1 ms total)

[----------] 1 test from ChatServiceUpdateLastMessageNonexistentChatTest
[ RUN      ] ChatServiceUpdateLastMessageNonexistentChatTest.updateLastMessageNonexistentChat
ERROR - No se encuentra el chat alinari-psivori
[       OK ] ChatServiceUpdateLastMessageNonexistentChatTest.updateLastMessageNonexistentChat (0 ms)
[----------] 1 test from ChatServiceUpdateLastMessageNonexistentChatTest (0 ms total)

[----------] 1 test from ChatServiceCreateChatTest
[ RUN      ] ChatServiceCreateChatTest.createChat
[       OK ] ChatServiceCreateChatTest.createChat (0 ms)
[----------] 1 test from ChatServiceCreateChatTest (0 ms total)

[----------] 1 test from ChatServiceCreateExistentChatTest
[ RUN      ] ChatServiceCreateExistentChatTest.createExistentChat

GMOCK WARNING:
Uninteresting mock function call - returning default value.
    Function call: get("jferrio-psivori")
          Returns: NULL
NOTE: You can safely ignore the above warning unless this call should not happen.  Do not suppress it by blindly adding an EXPECT_CALL() if you don't mean to enforce the call.  See https://github.com/google/googletest/blob/master/googlemock/docs/CookBook.md#knowing-when-to-expect for details.
WARN - La conversacion jferrio-psivori ya existe
[       OK ] ChatServiceCreateExistentChatTest.createExistentChat (0 ms)
[----------] 1 test from ChatServiceCreateExistentChatTest (0 ms total)

[----------] 1 test from ChatServiceGetChatTest
[ RUN      ] ChatServiceGetChatTest.getChatTest
[       OK ] ChatServiceGetChatTest.getChatTest (0 ms)
[----------] 1 test from ChatServiceGetChatTest (0 ms total)

[----------] 1 test from ChatServiceGetNonexistentChatTest
[ RUN      ] ChatServiceGetNonexistentChatTest.updateLastMessageNonexistentChat
[       OK ] ChatServiceGetNonexistentChatTest.updateLastMessageNonexistentChat (0 ms)
[----------] 1 test from ChatServiceGetNonexistentChatTest (0 ms total)

[----------] Global test environment tear-down
[==========] 12 tests from 12 test cases ran. (8 ms total)
[  PASSED  ] 12 tests.
<end of output>
Test time =   0.11 sec
----------------------------------------------------------
Test Passed.
"mockChatServiceTest" end time: Jun 17 22:30 ART
"mockChatServiceTest" time elapsed: 00:00:00
----------------------------------------------------------

4/5 Testing: mockABMUsersServiceTest
4/5 Test: mockABMUsersServiceTest
Command: "/home/agustin/git/serverapp/AppServer/cmake/mockABMUsersServiceTest"
Directory: /home/agustin/git/serverapp/AppServer/cmake
"mockABMUsersServiceTest" start time: Jun 17 22:30 ART
Output:
----------------------------------------------------------
INFO - Iniciando Tests
[==========] Running 11 tests from 11 test cases.
[----------] Global test environment set-up.
[----------] 1 test from AbmUserServiceCreateUser
[ RUN      ] AbmUserServiceCreateUser.createUserTest
INFO - El usuario con email juan@gmail.com no esta registrado. Se continua con la registración.

GMOCK WARNING:
Uninteresting mock function call - returning directly.
    Function call: put("stats", 0x23d8530)
NOTE: You can safely ignore the above warning unless this call should not happen.  Do not suppress it by blindly adding an EXPECT_CALL() if you don't mean to enforce the call.  See https://github.com/google/googletest/blob/master/googlemock/docs/CookBook.md#knowing-when-to-expect for details.
[       OK ] AbmUserServiceCreateUser.createUserTest (5 ms)
[----------] 1 test from AbmUserServiceCreateUser (5 ms total)

[----------] 1 test from AbmUserServiceCreateUserInvalid
[ RUN      ] AbmUserServiceCreateUserInvalid.createUserInvalidTest
INFO - El usuario con email juan@gmail.com no esta registrado. Se continua con la registración.
ERROR - El usuario juan con email juan@gmail.com no se pudo crear.
[       OK ] AbmUserServiceCreateUserInvalid.createUserInvalidTest (1 ms)
[----------] 1 test from AbmUserServiceCreateUserInvalid (1 ms total)

[----------] 1 test from AbmUserServiceCreateUserExists
[ RUN      ] AbmUserServiceCreateUserExists.createUserExistsTest
ERROR - El usuario juan con email juan@gmail.com no se puede crear porque ya existe.
[       OK ] AbmUserServiceCreateUserExists.createUserExistsTest (0 ms)
[----------] 1 test from AbmUserServiceCreateUserExists (0 ms total)

[----------] 1 test from AbmUserServiceCreateUserRemoteError
[ RUN      ] AbmUserServiceCreateUserRemoteError.createUserRemoteErrorTest
INFO - El usuario con email juan@gmail.com no esta registrado. Se continua con la registración.
ERROR - El usuario juan con email juan@gmail.com no se puede crear porque falló el post.
[       OK ] AbmUserServiceCreateUserRemoteError.createUserRemoteErrorTest (0 ms)
[----------] 1 test from AbmUserServiceCreateUserRemoteError (0 ms total)

[----------] 1 test from AbmUserServiceModifyUser
[ RUN      ] AbmUserServiceModifyUser.modifyUserTest
[       OK ] AbmUserServiceModifyUser.modifyUserTest (0 ms)
[----------] 1 test from AbmUserServiceModifyUser (0 ms total)

[----------] 1 test from AbmUserServiceModifyUserInvalid
[ RUN      ] AbmUserServiceModifyUserInvalid.modifyUserInvalidTest
ERROR - El usuario juan con id 1 no se pudo actualizar.
[       OK ] AbmUserServiceModifyUserInvalid.modifyUserInvalidTest (1 ms)
[----------] 1 test from AbmUserServiceModifyUserInvalid (1 ms total)

[----------] 1 test from AbmUserServiceModifyUserExists
[ RUN      ] AbmUserServiceModifyUserExists.modifyUserExistsTest
ERROR - El usuario juan con email juan@gmail.com no se encuentra.
[       OK ] AbmUserServiceModifyUserExists.modifyUserExistsTest (0 ms)
[----------] 1 test from AbmUserServiceModifyUserExists (0 ms total)

[----------] 1 test from AbmUserServiceModifyUserRemoteError
[ RUN      ] AbmUserServiceModifyUserRemoteError.modifyUserRemoteErrorTest
ERROR - Error en comunicacion con shared service.
[       OK ] AbmUserServiceModifyUserRemoteError.modifyUserRemoteErrorTest (0 ms)
[----------] 1 test from AbmUserServiceModifyUserRemoteError (0 ms total)

[----------] 1 test from AbmUserServiceGetInterestsTest
[ RUN      ] AbmUserServiceGetInterestsTest.getInterestsTest
[       OK ] AbmUserServiceGetInterestsTest.getInterestsTest (0 ms)
[----------] 1 test from AbmUserServiceGetInterestsTest (0 ms total)

[----------] 1 test from AbmUserServiceGetInterestsRemoteError
[ RUN      ] AbmUserServiceGetInterestsRemoteError.getInterestsRemoteErrorTest
ERROR - el shared server retorno error
[       OK ] AbmUserServiceGetInterestsRemoteError.getInterestsRemoteErrorTest (1 ms)
[----------] 1 test from AbmUserServiceGetInterestsRemoteError (1 ms total)

[----------] 1 test from AbmUserServiceGetInterestsInvalidJson
[ RUN      ] AbmUserServiceGetInterestsInvalidJson.getInterestsInvalidJsonTest
ERROR - error parseando json
[       OK ] AbmUserServiceGetInterestsInvalidJson.getInterestsInvalidJsonTest (0 ms)
[----------] 1 test from AbmUserServiceGetInterestsInvalidJson (0 ms total)

[----------] Global test environment tear-down
[==========] 11 tests from 11 test cases ran. (14 ms total)
[  PASSED  ] 11 tests.
<end of output>
Test time =   0.14 sec
----------------------------------------------------------
Test Passed.
"mockABMUsersServiceTest" end time: Jun 17 22:30 ART
"mockABMUsersServiceTest" time elapsed: 00:00:00
----------------------------------------------------------

5/5 Testing: mockSharedServiceTest
5/5 Test: mockSharedServiceTest
Command: "/home/agustin/git/serverapp/AppServer/cmake/mockSharedServiceTest"
Directory: /home/agustin/git/serverapp/AppServer/cmake
"mockSharedServiceTest" start time: Jun 17 22:30 ART
Output:
----------------------------------------------------------
INFO - Iniciando Tests
[==========] Running 22 tests from 22 test cases.
[----------] Global test environment set-up.
[----------] 1 test from SharedServiceGetUserTest
[ RUN      ] SharedServiceGetUserTest.getUserTest
DEBUG - Response code 200
DEBUG - Response body {"user":{"age":"33","alias":"alinari","email":"alinari@gmail.com","interests":[{"category":"cars","value":"Ferrari"}],"location":{"latitude":"0","longitude":"0"},"name":"Agustin","photo":"-","sex":"M"}}

[       OK ] SharedServiceGetUserTest.getUserTest (1 ms)
[----------] 1 test from SharedServiceGetUserTest (1 ms total)

[----------] 1 test from SharedServiceGetUser404Test
[ RUN      ] SharedServiceGetUser404Test.getUser404Test
DEBUG - Response code 404
DEBUG - Response body {"data":"usuario inexistente","success":"false"}

ERROR - El usuario no se encuentra
[       OK ] SharedServiceGetUser404Test.getUser404Test (0 ms)
[----------] 1 test from SharedServiceGetUser404Test (4 ms total)

[----------] 1 test from SharedServiceGetUserErrorTest
[ RUN      ] SharedServiceGetUserErrorTest.getUserErrorTest
DEBUG - Response code 500
DEBUG - Response body {"data":"error","success":"false"}

ERROR - El shared server retorno error
[       OK ] SharedServiceGetUserErrorTest.getUserErrorTest (0 ms)
[----------] 1 test from SharedServiceGetUserErrorTest (0 ms total)

[----------] 1 test from SharedServiceCreateInterestTest
[ RUN      ] SharedServiceCreateInterestTest.createInterestTest
DEBUG - Response code 200
DEBUG - Response body {"interest":{"category":"cars","value":"Toyota"}}

[       OK ] SharedServiceCreateInterestTest.createInterestTest (1 ms)
[----------] 1 test from SharedServiceCreateInterestTest (1 ms total)

[----------] 1 test from SharedServiceCreateInterest400Test
[ RUN      ] SharedServiceCreateInterest400Test.createInterest400Test
DEBUG - Response code 400
DEBUG - Response body {"data":"interes ya existente","success":"false"}

WARN - El interes ya se encuentra registrado en el shared
[       OK ] SharedServiceCreateInterest400Test.createInterest400Test (0 ms)
[----------] 1 test from SharedServiceCreateInterest400Test (0 ms total)

[----------] 1 test from SharedServiceCreateInterestErrorTest
[ RUN      ] SharedServiceCreateInterestErrorTest.createInterestErrorTest
DEBUG - Response code 500
DEBUG - Response body {"data":"error","success":"false"}

ERROR - El shared server retorno error
[       OK ] SharedServiceCreateInterestErrorTest.createInterestErrorTest (0 ms)
[----------] 1 test from SharedServiceCreateInterestErrorTest (0 ms total)

[----------] 1 test from SharedServiceGetInterestsTest
[ RUN      ] SharedServiceGetInterestsTest.getInterestsTest
DEBUG - Response code 200
DEBUG - Response body {"interests":[{"category":"Bandas","value":"Divididos"},{"category":"Bandas","value":"The Beatles"}]}

[       OK ] SharedServiceGetInterestsTest.getInterestsTest (0 ms)
[----------] 1 test from SharedServiceGetInterestsTest (0 ms total)

[----------] 1 test from SharedServiceGetInterestsErrorTest
[ RUN      ] SharedServiceGetInterestsErrorTest.createGetInterestsErrorTest
DEBUG - Response code 500
DEBUG - Response body {"data":"error","success":"false"}

ERROR - El shared server retorno error
[       OK ] SharedServiceGetInterestsErrorTest.createGetInterestsErrorTest (0 ms)
[----------] 1 test from SharedServiceGetInterestsErrorTest (0 ms total)

[----------] 1 test from SharedServiceGetUsersTest
[ RUN      ] SharedServiceGetUsersTest.getUsersTest
DEBUG - Response code 200
DEBUG - Response body {"users":[{"user":{"age":"33","alias":"alinari","email":"alinari@gmail.com","id":"138","interests":[{"category":"Bandas","value":"Divididos"}],"location":{"latitude":"0.0","longitude":"0.0"},"name":"Agustin","photo":"/users/138/photo","sex":"M"}},{"user":{"age":"25","alias":"jperez","email":"jperez@gmail.com","id":"198","interests":[{"category":"Bandas","value":"The Beatles"}],"location":{"latitude":"0.0","longitude":"0.0"},"name":"Juan","photo":"/users/198/photo","sex":"M"}}]}

[       OK ] SharedServiceGetUsersTest.getUsersTest (8 ms)
[----------] 1 test from SharedServiceGetUsersTest (8 ms total)

[----------] 1 test from SharedServiceGetUsersErrorTest
[ RUN      ] SharedServiceGetUsersErrorTest.createGetUsersErrorTest
DEBUG - Response code 500
DEBUG - Response body {"data":"error","success":"false"}

ERROR - El shared server retorno error
[       OK ] SharedServiceGetUsersErrorTest.createGetUsersErrorTest (0 ms)
[----------] 1 test from SharedServiceGetUsersErrorTest (0 ms total)

[----------] 1 test from SharedServiceGetPhotoTest
[ RUN      ] SharedServiceGetPhotoTest.getPhotoTest
DEBUG - Response code 200
DEBUG - Response body {"photo":"photobase64"}

[       OK ] SharedServiceGetPhotoTest.getPhotoTest (0 ms)
[----------] 1 test from SharedServiceGetPhotoTest (0 ms total)

[----------] 1 test from SharedServiceGetPhoto404Test
[ RUN      ] SharedServiceGetPhoto404Test.getPhoto404Test
DEBUG - Response code 404
DEBUG - Response body {"data":"usuario inexistente","success":"false"}

ERROR - El usuario no se encuentra
[       OK ] SharedServiceGetPhoto404Test.getPhoto404Test (0 ms)
[----------] 1 test from SharedServiceGetPhoto404Test (0 ms total)

[----------] 1 test from SharedServiceGetPhotoErrorTest
[ RUN      ] SharedServiceGetPhotoErrorTest.getPhotoErrorTest
DEBUG - Response code 500
DEBUG - Response body {"data":"error","success":"false"}

ERROR - El shared server retorno error
[       OK ] SharedServiceGetPhotoErrorTest.getPhotoErrorTest (0 ms)
[----------] 1 test from SharedServiceGetPhotoErrorTest (1 ms total)

[----------] 1 test from SharedServiceCreateUserTest
[ RUN      ] SharedServiceCreateUserTest.createUserTest
INFO - JSON CREATE USER: {"user":{"age":"","alias":"","email":"","interests":[],"location":{"latitude":"0","longitude":"0"},"name":"alinari","photo":"","sex":""}}

DEBUG - Response code 200
DEBUG - Response body {"user":{"age":"33","alias":"alinari","email":"alinari@gmail.com","interests":[{"category":"cars","value":"Ferrari"}],"location":{"latitude":"0","longitude":"0"},"name":"Agustin","photo":"-","sex":"M"}}

[       OK ] SharedServiceCreateUserTest.createUserTest (0 ms)
[----------] 1 test from SharedServiceCreateUserTest (0 ms total)

[----------] 1 test from SharedServiceCreateUser400Test
[ RUN      ] SharedServiceCreateUser400Test.createUser400Test
INFO - JSON CREATE USER: {"user":{"age":"","alias":"","email":"","interests":[],"location":{"latitude":"0","longitude":"0"},"name":"alinari","photo":"","sex":""}}

DEBUG - Response code 400
DEBUG - Response body {"data":"usuario ya existente","success":"false"}

WARN - El usuario ya se encuentra registrado en el shared
[       OK ] SharedServiceCreateUser400Test.createUser400Test (0 ms)
[----------] 1 test from SharedServiceCreateUser400Test (0 ms total)

[----------] 1 test from SharedServiceCreateUserErrorTest
[ RUN      ] SharedServiceCreateUserErrorTest.createUserErrorTest
INFO - JSON CREATE USER: {"user":{"age":"","alias":"","email":"","interests":[],"location":{"latitude":"0","longitude":"0"},"name":"alinari","photo":"","sex":""}}

DEBUG - Response code 500
DEBUG - Response body {"data":"error","success":"false"}

ERROR - El shared server retorno error
[       OK ] SharedServiceCreateUserErrorTest.createUserErrorTest (0 ms)
[----------] 1 test from SharedServiceCreateUserErrorTest (0 ms total)

[----------] 1 test from SharedServiceUpdateUserTest
[ RUN      ] SharedServiceUpdateUserTest.updateUserTest
DEBUG - Response code 200
DEBUG - Response body {"user":{"age":"33","alias":"alinari","email":"alinari@gmail.com","interests":[{"category":"cars","value":"Ferrari"}],"location":{"latitude":"0","longitude":"0"},"name":"Agustin","photo":"-","sex":"M"}}

[       OK ] SharedServiceUpdateUserTest.updateUserTest (1 ms)
[----------] 1 test from SharedServiceUpdateUserTest (1 ms total)

[----------] 1 test from SharedServiceUpdateUser404Test
[ RUN      ] SharedServiceUpdateUser404Test.updateUser404Test
DEBUG - Response code 404
DEBUG - Response body {"data":"usuario inexistente","success":"false"}

WARN - El usuario o interes no se encuentra registrado en el shared
[       OK ] SharedServiceUpdateUser404Test.updateUser404Test (0 ms)
[----------] 1 test from SharedServiceUpdateUser404Test (0 ms total)

[----------] 1 test from SharedServiceUpdateUserErrorTest
[ RUN      ] SharedServiceUpdateUserErrorTest.updateUserErrorTest
DEBUG - Response code 500
DEBUG - Response body {"data":"error","success":"false"}

ERROR - El shared server retorno error
[       OK ] SharedServiceUpdateUserErrorTest.updateUserErrorTest (0 ms)
[----------] 1 test from SharedServiceUpdateUserErrorTest (0 ms total)

[----------] 1 test from SharedServiceDeleteUserTest
[ RUN      ] SharedServiceDeleteUserTest.deleteUserTest
DEBUG - Response code 200
DEBUG - Response body {"data":"eliminado","success":"true"}

[       OK ] SharedServiceDeleteUserTest.deleteUserTest (0 ms)
[----------] 1 test from SharedServiceDeleteUserTest (0 ms total)

[----------] 1 test from SharedServiceDeleteUser404Test
[ RUN      ] SharedServiceDeleteUser404Test.deleteUser404Test
DEBUG - Response code 404
DEBUG - Response body {"data":"usuario inexistente","success":"false"}

ERROR - El usuario no se encuentra
[       OK ] SharedServiceDeleteUser404Test.deleteUser404Test (0 ms)
[----------] 1 test from SharedServiceDeleteUser404Test (0 ms total)

[----------] 1 test from SharedServiceDeleteUserErrorTest
[ RUN      ] SharedServiceDeleteUserErrorTest.deleteUserErrorTest
DEBUG - Response code 500
DEBUG - Response body {"data":"error","success":"false"}

ERROR - El shared server retorno error
[       OK ] SharedServiceDeleteUserErrorTest.deleteUserErrorTest (1 ms)
[----------] 1 test from SharedServiceDeleteUserErrorTest (1 ms total)

[----------] Global test environment tear-down
[==========] 22 tests from 22 test cases ran. (17 ms total)
[  PASSED  ] 22 tests.
<end of output>
Test time =   0.13 sec
----------------------------------------------------------
Test Passed.
"mockSharedServiceTest" end time: Jun 17 22:30 ART
"mockSharedServiceTest" time elapsed: 00:00:00
----------------------------------------------------------

End testing: Jun 17 22:30 ART
