Start testing: Jun 18 18:38 ART
----------------------------------------------------------
1/8 Testing: mockAuthenticationCtrlTest
1/8 Test: mockAuthenticationCtrlTest
Command: "/home/agustin/git/serverapp/AppServer/cmake/mockAuthenticationCtrlTest"
Directory: /home/agustin/git/serverapp/AppServer/cmake
"mockAuthenticationCtrlTest" start time: Jun 18 18:38 ART
Output:
----------------------------------------------------------
INFO - Iniciando Tests
[==========] Running 3 tests from 3 test cases.
[----------] Global test environment set-up.
[----------] 1 test from JwTokenTest
[ RUN      ] JwTokenTest.generatingToken
DEBUG - EMAIL PARA EL PAYLOAD: sivori.daniel@gmail.com 0x2515ee0
DEBUG - TIMESTAMP: 1466285914 0x2515ee0
DEBUG - EXPIRE: 60 0x2515ee0
DEBUG - TOKEN GENERADO 0x2515ee0
*****************************************************************
TOKEN GENERADO: eyJ0eXAiOiJKV1QiLCJhbGciOiJIUzI1NiJ9.eyJlbWFpbCI6InNpdm9yaS5kYW5pZWxAZ21haWwuY29tIiwiZXhwaXJlIjoiNjAiLCJ0aW1lc3RhbXAiOiIxNDY2Mjg1OTE0In0.yOFmn0EJDx3h01hNTNFe93bT5EnD9Fr-xxkHK1oZnfY
*****************************************************************
[       OK ] JwTokenTest.generatingToken (0 ms)
[----------] 1 test from JwTokenTest (0 ms total)

[----------] 1 test from AuthorizationTokenTest
[ RUN      ] AuthorizationTokenTest.isValidToken
DEBUG - EMAIL PARA EL PAYLOAD: 17 0x2515ee0
DEBUG - TIMESTAMP: 1466285914 0x2515ee0
DEBUG - EXPIRE: 60 0x2515ee0
DEBUG - TOKEN GENERADO 0x2515ee0
[       OK ] AuthorizationTokenTest.isValidToken (0 ms)
[----------] 1 test from AuthorizationTokenTest (0 ms total)

[----------] 1 test from AuthenticationServiceTest
[ RUN      ] AuthenticationServiceTest.login
DEBUG - JSON: {"user":{"email":"","id":"1","name":"sivori.daniel@gmail.com","password":"password","token":""}}

DEBUG - Password base password
DEBUG - Password ingresado password
DEBUG - Email base 
[       OK ] AuthenticationServiceTest.login (1 ms)
[----------] 1 test from AuthenticationServiceTest (1 ms total)

[----------] Global test environment tear-down
[==========] 3 tests from 3 test cases ran. (2 ms total)
[  PASSED  ] 3 tests.
<end of output>
Test time =   0.05 sec
----------------------------------------------------------
Test Passed.
"mockAuthenticationCtrlTest" end time: Jun 18 18:38 ART
"mockAuthenticationCtrlTest" time elapsed: 00:00:00
----------------------------------------------------------

2/8 Testing: mockMatchServiceTest
2/8 Test: mockMatchServiceTest
Command: "/home/agustin/git/serverapp/AppServer/cmake/mockMatchServiceTest"
Directory: /home/agustin/git/serverapp/AppServer/cmake
"mockMatchServiceTest" start time: Jun 18 18:38 ART
Output:
----------------------------------------------------------
INFO - Iniciando Tests
[==========] Running 18 tests from 18 test cases.
[----------] Global test environment set-up.
[----------] 1 test from MatchServiceConfirmTest
[ RUN      ] MatchServiceConfirmTest.confirmingUser
INFO - Confirmando match con usuario alinari para usuario psivori

GMOCK WARNING:
Uninteresting mock function call - returning directly.
    Function call: put("psivori", 0x1141250)
NOTE: You can safely ignore the above warning unless this call should not happen.  Do not suppress it by blindly adding an EXPECT_CALL() if you don't mean to enforce the call.  See https://github.com/google/googletest/blob/master/googlemock/docs/CookBook.md#knowing-when-to-expect for details.
INFO - Se crea el chat entre el usuario alinari y el usuario psivori
[       OK ] MatchServiceConfirmTest.confirmingUser (0 ms)
[----------] 1 test from MatchServiceConfirmTest (0 ms total)

[----------] 1 test from MatchServiceConfirmBadUserTest
[ RUN      ] MatchServiceConfirmBadUserTest.confirmingBadUser
ERROR - Es el mismo usuario
[       OK ] MatchServiceConfirmBadUserTest.confirmingBadUser (0 ms)
[----------] 1 test from MatchServiceConfirmBadUserTest (0 ms total)

[----------] 1 test from MatchServiceConfirmUserIsInAcceptedListTest
[ RUN      ] MatchServiceConfirmUserIsInAcceptedListTest.confirmingUserIsInAcceptedList
ERROR - El usuario alinari ya se encuentra en la lista de aceptados
[       OK ] MatchServiceConfirmUserIsInAcceptedListTest.confirmingUserIsInAcceptedList (0 ms)
[----------] 1 test from MatchServiceConfirmUserIsInAcceptedListTest (7 ms total)

[----------] 1 test from MatchServiceConfirmUserIsInRejectedListTest
[ RUN      ] MatchServiceConfirmUserIsInRejectedListTest.confirmingUserIsInRejectedList
ERROR - El usuario alinari ya se encuentra en la lista de rechazados
[       OK ] MatchServiceConfirmUserIsInRejectedListTest.confirmingUserIsInRejectedList (0 ms)
[----------] 1 test from MatchServiceConfirmUserIsInRejectedListTest (0 ms total)

[----------] 1 test from MatchServiceConfirmUserIsNotMatchedTest
[ RUN      ] MatchServiceConfirmUserIsNotMatchedTest.confirmingUserIsNotMatched
[       OK ] MatchServiceConfirmUserIsNotMatchedTest.confirmingUserIsNotMatched (0 ms)
[----------] 1 test from MatchServiceConfirmUserIsNotMatchedTest (0 ms total)

[----------] 1 test from MatchServiceAccept1Test
[ RUN      ] MatchServiceAccept1Test.acceptingUser1
INFO - Agregando el usuario alinari a la lista de aceptados de psivori

GMOCK WARNING:
Uninteresting mock function call - returning directly.
    Function call: put("stats", 0x1143d50)
NOTE: You can safely ignore the above warning unless this call should not happen.  Do not suppress it by blindly adding an EXPECT_CALL() if you don't mean to enforce the call.  See https://github.com/google/googletest/blob/master/googlemock/docs/CookBook.md#knowing-when-to-expect for details.
[       OK ] MatchServiceAccept1Test.acceptingUser1 (1 ms)
[----------] 1 test from MatchServiceAccept1Test (1 ms total)

[----------] 1 test from MatchServiceAccept2Test
[ RUN      ] MatchServiceAccept2Test.acceptingUser2
INFO - Agregando el usuario alinari a la lista de aceptados de psivori

GMOCK WARNING:
Uninteresting mock function call - returning directly.
    Function call: put("stats", 0x1144730)
NOTE: You can safely ignore the above warning unless this call should not happen.  Do not suppress it by blindly adding an EXPECT_CALL() if you don't mean to enforce the call.  See https://github.com/google/googletest/blob/master/googlemock/docs/CookBook.md#knowing-when-to-expect for details.
[       OK ] MatchServiceAccept2Test.acceptingUser2 (0 ms)
[----------] 1 test from MatchServiceAccept2Test (0 ms total)

[----------] 1 test from MatchServiceAcceptBadUserTest
[ RUN      ] MatchServiceAcceptBadUserTest.acceptingBadUser
ERROR - Es el mismo usuario
[       OK ] MatchServiceAcceptBadUserTest.acceptingBadUser (0 ms)
[----------] 1 test from MatchServiceAcceptBadUserTest (0 ms total)

[----------] 1 test from MatchServiceAcceptUserIsInRejectedListTest
[ RUN      ] MatchServiceAcceptUserIsInRejectedListTest.confirmingUserIsInRejectedList
ERROR - El usuario alinari ya se encuentra en la lista de rechazados
ERROR - La entidad ya existe
[       OK ] MatchServiceAcceptUserIsInRejectedListTest.confirmingUserIsInRejectedList (1 ms)
[----------] 1 test from MatchServiceAcceptUserIsInRejectedListTest (1 ms total)

[----------] 1 test from MatchServiceAcceptUserIsMatchedTest
[ RUN      ] MatchServiceAcceptUserIsMatchedTest.confirmingUserIsMatched

GMOCK WARNING:
Uninteresting mock function call - returning default value.
    Function call: getChat("psivori", "jferrio")
          Returns: NULL
NOTE: You can safely ignore the above warning unless this call should not happen.  Do not suppress it by blindly adding an EXPECT_CALL() if you don't mean to enforce the call.  See https://github.com/google/googletest/blob/master/googlemock/docs/CookBook.md#knowing-when-to-expect for details.
ERROR - Los usuarios ya estan matcheados
ERROR - La entidad ya existe
[       OK ] MatchServiceAcceptUserIsMatchedTest.confirmingUserIsMatched (0 ms)
[----------] 1 test from MatchServiceAcceptUserIsMatchedTest (0 ms total)

[----------] 1 test from MatchServiceAcceptChatExistsTest
[ RUN      ] MatchServiceAcceptChatExistsTest.confirmingUserChatExists
ERROR - Los usuarios ya estan matcheados
ERROR - La entidad ya existe
[       OK ] MatchServiceAcceptChatExistsTest.confirmingUserChatExists (0 ms)
[----------] 1 test from MatchServiceAcceptChatExistsTest (0 ms total)

[----------] 1 test from MatchServiceRejectTest
[ RUN      ] MatchServiceRejectTest.rejectingUser
INFO - Agregando el usuario alinari a la lista de rechazados de psivori
[       OK ] MatchServiceRejectTest.rejectingUser (0 ms)
[----------] 1 test from MatchServiceRejectTest (0 ms total)

[----------] 1 test from MatchServiceRejectBadUserTest
[ RUN      ] MatchServiceRejectBadUserTest.rejectingBadUser
ERROR - Es el mismo usuario
[       OK ] MatchServiceRejectBadUserTest.rejectingBadUser (1 ms)
[----------] 1 test from MatchServiceRejectBadUserTest (1 ms total)

[----------] 1 test from MatchServiceRejectUserIsInAceptedListTest
[ RUN      ] MatchServiceRejectUserIsInAceptedListTest.rejectingUserIsInAceptedList
ERROR - El usuario alinari ya se encuentra en la lista de aceptados
ERROR - La entidad ya existe
[       OK ] MatchServiceRejectUserIsInAceptedListTest.rejectingUserIsInAceptedList (0 ms)
[----------] 1 test from MatchServiceRejectUserIsInAceptedListTest (0 ms total)

[----------] 1 test from MatchServiceRejectUserIsInRejectedListTest
[ RUN      ] MatchServiceRejectUserIsInRejectedListTest.rejectingUserIsInRejectedList
ERROR - El usuario alinari ya se encuentra en la lista de rechazados
[       OK ] MatchServiceRejectUserIsInRejectedListTest.rejectingUserIsInRejectedList (0 ms)
[----------] 1 test from MatchServiceRejectUserIsInRejectedListTest (0 ms total)

[----------] 1 test from MatchServiceRejectUserIsMatchedTest
[ RUN      ] MatchServiceRejectUserIsMatchedTest.rejectingUserIsMatched

GMOCK WARNING:
Uninteresting mock function call - returning default value.
    Function call: getChat("psivori", "jferrio")
          Returns: NULL
NOTE: You can safely ignore the above warning unless this call should not happen.  Do not suppress it by blindly adding an EXPECT_CALL() if you don't mean to enforce the call.  See https://github.com/google/googletest/blob/master/googlemock/docs/CookBook.md#knowing-when-to-expect for details.
ERROR - Los usuarios ya estan matcheados
ERROR - La entidad ya existe
[       OK ] MatchServiceRejectUserIsMatchedTest.rejectingUserIsMatched (0 ms)
[----------] 1 test from MatchServiceRejectUserIsMatchedTest (0 ms total)

[----------] 1 test from MatchServiceRejectChatExistsTest
[ RUN      ] MatchServiceRejectChatExistsTest.rejectingUserChatExists
ERROR - Los usuarios ya estan matcheados
ERROR - La entidad ya existe
[       OK ] MatchServiceRejectChatExistsTest.rejectingUserChatExists (0 ms)
[----------] 1 test from MatchServiceRejectChatExistsTest (0 ms total)

[----------] 1 test from MatchServiceTest
[ RUN      ] MatchServiceTest.getNewMatches
INFO - Obteniendo la lista de nuevos matches del usuario psivori
[       OK ] MatchServiceTest.getNewMatches (1 ms)
[----------] 1 test from MatchServiceTest (1 ms total)

[----------] Global test environment tear-down
[==========] 18 tests from 18 test cases ran. (11 ms total)
[  PASSED  ] 18 tests.
<end of output>
Test time =   0.05 sec
----------------------------------------------------------
Test Passed.
"mockMatchServiceTest" end time: Jun 18 18:38 ART
"mockMatchServiceTest" time elapsed: 00:00:00
----------------------------------------------------------

3/8 Testing: mockChatServiceTest
3/8 Test: mockChatServiceTest
Command: "/home/agustin/git/serverapp/AppServer/cmake/mockChatServiceTest"
Directory: /home/agustin/git/serverapp/AppServer/cmake
"mockChatServiceTest" start time: Jun 18 18:38 ART
Output:
----------------------------------------------------------
INFO - Iniciando Tests
[==========] Running 12 tests from 12 test cases.
[----------] Global test environment set-up.
[----------] 1 test from ChatServiceGetAllMessagesTest
[ RUN      ] ChatServiceGetAllMessagesTest.getAllMessages
[       OK ] ChatServiceGetAllMessagesTest.getAllMessages (1 ms)
[----------] 1 test from ChatServiceGetAllMessagesTest (1 ms total)

[----------] 1 test from ChatServiceGetAllMessagesNonexistentChatTest
[ RUN      ] ChatServiceGetAllMessagesNonexistentChatTest.getAllMessagesNonexistentChat
ERROR - No se encuentra el chat alinari-psivori
[       OK ] ChatServiceGetAllMessagesNonexistentChatTest.getAllMessagesNonexistentChat (0 ms)
[----------] 1 test from ChatServiceGetAllMessagesNonexistentChatTest (0 ms total)

[----------] 1 test from ChatServiceGetNewMessagesTest
[ RUN      ] ChatServiceGetNewMessagesTest.getNewMessages
[       OK ] ChatServiceGetNewMessagesTest.getNewMessages (0 ms)
[----------] 1 test from ChatServiceGetNewMessagesTest (0 ms total)

[----------] 1 test from ChatServiceGetNewMessagesNonexistentChatTest
[ RUN      ] ChatServiceGetNewMessagesNonexistentChatTest.getNewMessagesNonexistentChat
ERROR - No se encuentra el chat alinari-psivori
[       OK ] ChatServiceGetNewMessagesNonexistentChatTest.getNewMessagesNonexistentChat (0 ms)
[----------] 1 test from ChatServiceGetNewMessagesNonexistentChatTest (0 ms total)

[----------] 1 test from ChatServiceAddNewMessageTest
[ RUN      ] ChatServiceAddNewMessageTest.addNewMessage
[       OK ] ChatServiceAddNewMessageTest.addNewMessage (0 ms)
[----------] 1 test from ChatServiceAddNewMessageTest (0 ms total)

[----------] 1 test from ChatServiceAddNewMessageNonexistentChatTest
[ RUN      ] ChatServiceAddNewMessageNonexistentChatTest.addNewMessageNonexistentChat
ERROR - No se encuentra el chat alinari-psivori
[       OK ] ChatServiceAddNewMessageNonexistentChatTest.addNewMessageNonexistentChat (1 ms)
[----------] 1 test from ChatServiceAddNewMessageNonexistentChatTest (1 ms total)

[----------] 1 test from ChatServiceUpdateLastMessageTest
[ RUN      ] ChatServiceUpdateLastMessageTest.updateLastMessage
[       OK ] ChatServiceUpdateLastMessageTest.updateLastMessage (0 ms)
[----------] 1 test from ChatServiceUpdateLastMessageTest (0 ms total)

[----------] 1 test from ChatServiceUpdateLastMessageNonexistentChatTest
[ RUN      ] ChatServiceUpdateLastMessageNonexistentChatTest.updateLastMessageNonexistentChat
ERROR - No se encuentra el chat alinari-psivori
[       OK ] ChatServiceUpdateLastMessageNonexistentChatTest.updateLastMessageNonexistentChat (0 ms)
[----------] 1 test from ChatServiceUpdateLastMessageNonexistentChatTest (0 ms total)

[----------] 1 test from ChatServiceCreateChatTest
[ RUN      ] ChatServiceCreateChatTest.createChat
[       OK ] ChatServiceCreateChatTest.createChat (0 ms)
[----------] 1 test from ChatServiceCreateChatTest (0 ms total)

[----------] 1 test from ChatServiceCreateExistentChatTest
[ RUN      ] ChatServiceCreateExistentChatTest.createExistentChat

GMOCK WARNING:
Uninteresting mock function call - returning default value.
    Function call: get("jferrio-psivori")
          Returns: NULL
NOTE: You can safely ignore the above warning unless this call should not happen.  Do not suppress it by blindly adding an EXPECT_CALL() if you don't mean to enforce the call.  See https://github.com/google/googletest/blob/master/googlemock/docs/CookBook.md#knowing-when-to-expect for details.
WARN - La conversacion jferrio-psivori ya existe
[       OK ] ChatServiceCreateExistentChatTest.createExistentChat (0 ms)
[----------] 1 test from ChatServiceCreateExistentChatTest (0 ms total)

[----------] 1 test from ChatServiceGetChatTest
[ RUN      ] ChatServiceGetChatTest.getChatTest
[       OK ] ChatServiceGetChatTest.getChatTest (0 ms)
[----------] 1 test from ChatServiceGetChatTest (0 ms total)

[----------] 1 test from ChatServiceGetNonexistentChatTest
[ RUN      ] ChatServiceGetNonexistentChatTest.updateLastMessageNonexistentChat
[       OK ] ChatServiceGetNonexistentChatTest.updateLastMessageNonexistentChat (1 ms)
[----------] 1 test from ChatServiceGetNonexistentChatTest (1 ms total)

[----------] Global test environment tear-down
[==========] 12 tests from 12 test cases ran. (8 ms total)
[  PASSED  ] 12 tests.
<end of output>
Test time =   0.04 sec
----------------------------------------------------------
Test Passed.
"mockChatServiceTest" end time: Jun 18 18:38 ART
"mockChatServiceTest" time elapsed: 00:00:00
----------------------------------------------------------

4/8 Testing: mockABMUsersServiceTest
4/8 Test: mockABMUsersServiceTest
Command: "/home/agustin/git/serverapp/AppServer/cmake/mockABMUsersServiceTest"
Directory: /home/agustin/git/serverapp/AppServer/cmake
"mockABMUsersServiceTest" start time: Jun 18 18:38 ART
Output:
----------------------------------------------------------
INFO - Iniciando Tests
[==========] Running 11 tests from 11 test cases.
[----------] Global test environment set-up.
[----------] 1 test from AbmUserServiceCreateUser
[ RUN      ] AbmUserServiceCreateUser.createUserTest
INFO - El usuario con email juan@gmail.com no esta registrado. Se continua con la registración.

GMOCK WARNING:
Uninteresting mock function call - returning directly.
    Function call: put("stats", 0xd8d530)
NOTE: You can safely ignore the above warning unless this call should not happen.  Do not suppress it by blindly adding an EXPECT_CALL() if you don't mean to enforce the call.  See https://github.com/google/googletest/blob/master/googlemock/docs/CookBook.md#knowing-when-to-expect for details.
[       OK ] AbmUserServiceCreateUser.createUserTest (1 ms)
[----------] 1 test from AbmUserServiceCreateUser (1 ms total)

[----------] 1 test from AbmUserServiceCreateUserInvalid
[ RUN      ] AbmUserServiceCreateUserInvalid.createUserInvalidTest
INFO - El usuario con email juan@gmail.com no esta registrado. Se continua con la registración.
ERROR - El usuario juan con email juan@gmail.com no se pudo crear.
[       OK ] AbmUserServiceCreateUserInvalid.createUserInvalidTest (0 ms)
[----------] 1 test from AbmUserServiceCreateUserInvalid (0 ms total)

[----------] 1 test from AbmUserServiceCreateUserExists
[ RUN      ] AbmUserServiceCreateUserExists.createUserExistsTest
ERROR - El usuario juan con email juan@gmail.com no se puede crear porque ya existe.
[       OK ] AbmUserServiceCreateUserExists.createUserExistsTest (1 ms)
[----------] 1 test from AbmUserServiceCreateUserExists (1 ms total)

[----------] 1 test from AbmUserServiceCreateUserRemoteError
[ RUN      ] AbmUserServiceCreateUserRemoteError.createUserRemoteErrorTest
INFO - El usuario con email juan@gmail.com no esta registrado. Se continua con la registración.
ERROR - El usuario juan con email juan@gmail.com no se puede crear porque falló el post.
[       OK ] AbmUserServiceCreateUserRemoteError.createUserRemoteErrorTest (0 ms)
[----------] 1 test from AbmUserServiceCreateUserRemoteError (0 ms total)

[----------] 1 test from AbmUserServiceModifyUser
[ RUN      ] AbmUserServiceModifyUser.modifyUserTest
[       OK ] AbmUserServiceModifyUser.modifyUserTest (0 ms)
[----------] 1 test from AbmUserServiceModifyUser (0 ms total)

[----------] 1 test from AbmUserServiceModifyUserInvalid
[ RUN      ] AbmUserServiceModifyUserInvalid.modifyUserInvalidTest
ERROR - El usuario juan con id 1 no se pudo actualizar.
[       OK ] AbmUserServiceModifyUserInvalid.modifyUserInvalidTest (0 ms)
[----------] 1 test from AbmUserServiceModifyUserInvalid (0 ms total)

[----------] 1 test from AbmUserServiceModifyUserExists
[ RUN      ] AbmUserServiceModifyUserExists.modifyUserExistsTest
ERROR - El usuario juan con email juan@gmail.com no se encuentra.
[       OK ] AbmUserServiceModifyUserExists.modifyUserExistsTest (0 ms)
[----------] 1 test from AbmUserServiceModifyUserExists (0 ms total)

[----------] 1 test from AbmUserServiceModifyUserRemoteError
[ RUN      ] AbmUserServiceModifyUserRemoteError.modifyUserRemoteErrorTest
ERROR - Error en comunicacion con shared service.
[       OK ] AbmUserServiceModifyUserRemoteError.modifyUserRemoteErrorTest (0 ms)
[----------] 1 test from AbmUserServiceModifyUserRemoteError (0 ms total)

[----------] 1 test from AbmUserServiceGetInterestsTest
[ RUN      ] AbmUserServiceGetInterestsTest.getInterestsTest
[       OK ] AbmUserServiceGetInterestsTest.getInterestsTest (0 ms)
[----------] 1 test from AbmUserServiceGetInterestsTest (0 ms total)

[----------] 1 test from AbmUserServiceGetInterestsRemoteError
[ RUN      ] AbmUserServiceGetInterestsRemoteError.getInterestsRemoteErrorTest
ERROR - el shared server retorno error
[       OK ] AbmUserServiceGetInterestsRemoteError.getInterestsRemoteErrorTest (1 ms)
[----------] 1 test from AbmUserServiceGetInterestsRemoteError (1 ms total)

[----------] 1 test from AbmUserServiceGetInterestsInvalidJson
[ RUN      ] AbmUserServiceGetInterestsInvalidJson.getInterestsInvalidJsonTest
ERROR - error parseando json
[       OK ] AbmUserServiceGetInterestsInvalidJson.getInterestsInvalidJsonTest (0 ms)
[----------] 1 test from AbmUserServiceGetInterestsInvalidJson (0 ms total)

[----------] Global test environment tear-down
[==========] 11 tests from 11 test cases ran. (11 ms total)
[  PASSED  ] 11 tests.
<end of output>
Test time =   0.05 sec
----------------------------------------------------------
Test Passed.
"mockABMUsersServiceTest" end time: Jun 18 18:38 ART
"mockABMUsersServiceTest" time elapsed: 00:00:00
----------------------------------------------------------

5/8 Testing: mockSharedServiceTest
5/8 Test: mockSharedServiceTest
Command: "/home/agustin/git/serverapp/AppServer/cmake/mockSharedServiceTest"
Directory: /home/agustin/git/serverapp/AppServer/cmake
"mockSharedServiceTest" start time: Jun 18 18:38 ART
Output:
----------------------------------------------------------
INFO - Iniciando Tests
[==========] Running 22 tests from 22 test cases.
[----------] Global test environment set-up.
[----------] 1 test from SharedServiceGetUserTest
[ RUN      ] SharedServiceGetUserTest.getUserTest
DEBUG - Response code 200
DEBUG - Response body {"user":{"age":"33","alias":"alinari","email":"alinari@gmail.com","interests":[{"category":"cars","value":"Ferrari"}],"location":{"latitude":"0","longitude":"0"},"name":"Agustin","photo":"-","sex":"M"}}

[       OK ] SharedServiceGetUserTest.getUserTest (0 ms)
[----------] 1 test from SharedServiceGetUserTest (0 ms total)

[----------] 1 test from SharedServiceGetUser404Test
[ RUN      ] SharedServiceGetUser404Test.getUser404Test
DEBUG - Response code 404
DEBUG - Response body {"data":"usuario inexistente","success":"false"}

ERROR - El usuario no se encuentra
[       OK ] SharedServiceGetUser404Test.getUser404Test (0 ms)
[----------] 1 test from SharedServiceGetUser404Test (0 ms total)

[----------] 1 test from SharedServiceGetUserErrorTest
[ RUN      ] SharedServiceGetUserErrorTest.getUserErrorTest
DEBUG - Response code 500
DEBUG - Response body {"data":"error","success":"false"}

ERROR - El shared server retorno error
[       OK ] SharedServiceGetUserErrorTest.getUserErrorTest (0 ms)
[----------] 1 test from SharedServiceGetUserErrorTest (0 ms total)

[----------] 1 test from SharedServiceCreateInterestTest
[ RUN      ] SharedServiceCreateInterestTest.createInterestTest
DEBUG - Response code 200
DEBUG - Response body {"interest":{"category":"cars","value":"Toyota"}}

[       OK ] SharedServiceCreateInterestTest.createInterestTest (0 ms)
[----------] 1 test from SharedServiceCreateInterestTest (0 ms total)

[----------] 1 test from SharedServiceCreateInterest400Test
[ RUN      ] SharedServiceCreateInterest400Test.createInterest400Test
DEBUG - Response code 400
DEBUG - Response body {"data":"interes ya existente","success":"false"}

WARN - El interes ya se encuentra registrado en el shared
[       OK ] SharedServiceCreateInterest400Test.createInterest400Test (0 ms)
[----------] 1 test from SharedServiceCreateInterest400Test (0 ms total)

[----------] 1 test from SharedServiceCreateInterestErrorTest
[ RUN      ] SharedServiceCreateInterestErrorTest.createInterestErrorTest
DEBUG - Response code 500
DEBUG - Response body {"data":"error","success":"false"}

ERROR - El shared server retorno error
[       OK ] SharedServiceCreateInterestErrorTest.createInterestErrorTest (0 ms)
[----------] 1 test from SharedServiceCreateInterestErrorTest (0 ms total)

[----------] 1 test from SharedServiceGetInterestsTest
[ RUN      ] SharedServiceGetInterestsTest.getInterestsTest
DEBUG - Response code 200
DEBUG - Response body {"interests":[{"category":"Bandas","value":"Divididos"},{"category":"Bandas","value":"The Beatles"}]}

[       OK ] SharedServiceGetInterestsTest.getInterestsTest (0 ms)
[----------] 1 test from SharedServiceGetInterestsTest (7 ms total)

[----------] 1 test from SharedServiceGetInterestsErrorTest
[ RUN      ] SharedServiceGetInterestsErrorTest.createGetInterestsErrorTest
DEBUG - Response code 500
DEBUG - Response body {"data":"error","success":"false"}

ERROR - El shared server retorno error
[       OK ] SharedServiceGetInterestsErrorTest.createGetInterestsErrorTest (0 ms)
[----------] 1 test from SharedServiceGetInterestsErrorTest (0 ms total)

[----------] 1 test from SharedServiceGetUsersTest
[ RUN      ] SharedServiceGetUsersTest.getUsersTest
DEBUG - Response code 200
DEBUG - Response body {"users":[{"user":{"age":"33","alias":"alinari","email":"alinari@gmail.com","id":"138","interests":[{"category":"Bandas","value":"Divididos"}],"location":{"latitude":"0.0","longitude":"0.0"},"name":"Agustin","photo":"/users/138/photo","sex":"M"}},{"user":{"age":"25","alias":"jperez","email":"jperez@gmail.com","id":"198","interests":[{"category":"Bandas","value":"The Beatles"}],"location":{"latitude":"0.0","longitude":"0.0"},"name":"Juan","photo":"/users/198/photo","sex":"M"}}]}

[       OK ] SharedServiceGetUsersTest.getUsersTest (1 ms)
[----------] 1 test from SharedServiceGetUsersTest (1 ms total)

[----------] 1 test from SharedServiceGetUsersErrorTest
[ RUN      ] SharedServiceGetUsersErrorTest.createGetUsersErrorTest
DEBUG - Response code 500
DEBUG - Response body {"data":"error","success":"false"}

ERROR - El shared server retorno error
[       OK ] SharedServiceGetUsersErrorTest.createGetUsersErrorTest (0 ms)
[----------] 1 test from SharedServiceGetUsersErrorTest (0 ms total)

[----------] 1 test from SharedServiceGetPhotoTest
[ RUN      ] SharedServiceGetPhotoTest.getPhotoTest
DEBUG - Response code 200
DEBUG - Response body {"photo":"photobase64"}

[       OK ] SharedServiceGetPhotoTest.getPhotoTest (0 ms)
[----------] 1 test from SharedServiceGetPhotoTest (0 ms total)

[----------] 1 test from SharedServiceGetPhoto404Test
[ RUN      ] SharedServiceGetPhoto404Test.getPhoto404Test
DEBUG - Response code 404
DEBUG - Response body {"data":"usuario inexistente","success":"false"}

ERROR - El usuario no se encuentra
[       OK ] SharedServiceGetPhoto404Test.getPhoto404Test (0 ms)
[----------] 1 test from SharedServiceGetPhoto404Test (0 ms total)

[----------] 1 test from SharedServiceGetPhotoErrorTest
[ RUN      ] SharedServiceGetPhotoErrorTest.getPhotoErrorTest
DEBUG - Response code 500
DEBUG - Response body {"data":"error","success":"false"}

ERROR - El shared server retorno error
[       OK ] SharedServiceGetPhotoErrorTest.getPhotoErrorTest (1 ms)
[----------] 1 test from SharedServiceGetPhotoErrorTest (1 ms total)

[----------] 1 test from SharedServiceCreateUserTest
[ RUN      ] SharedServiceCreateUserTest.createUserTest
INFO - JSON CREATE USER: {"user":{"age":"","alias":"","email":"","interests":[],"location":{"latitude":"0","longitude":"0"},"name":"alinari","photo":"","sex":""}}

DEBUG - Response code 200
DEBUG - Response body {"user":{"age":"33","alias":"alinari","email":"alinari@gmail.com","interests":[{"category":"cars","value":"Ferrari"}],"location":{"latitude":"0","longitude":"0"},"name":"Agustin","photo":"-","sex":"M"}}

[       OK ] SharedServiceCreateUserTest.createUserTest (0 ms)
[----------] 1 test from SharedServiceCreateUserTest (0 ms total)

[----------] 1 test from SharedServiceCreateUser400Test
[ RUN      ] SharedServiceCreateUser400Test.createUser400Test
INFO - JSON CREATE USER: {"user":{"age":"","alias":"","email":"","interests":[],"location":{"latitude":"0","longitude":"0"},"name":"alinari","photo":"","sex":""}}

DEBUG - Response code 400
DEBUG - Response body {"data":"usuario ya existente","success":"false"}

WARN - El usuario ya se encuentra registrado en el shared
[       OK ] SharedServiceCreateUser400Test.createUser400Test (0 ms)
[----------] 1 test from SharedServiceCreateUser400Test (0 ms total)

[----------] 1 test from SharedServiceCreateUserErrorTest
[ RUN      ] SharedServiceCreateUserErrorTest.createUserErrorTest
INFO - JSON CREATE USER: {"user":{"age":"","alias":"","email":"","interests":[],"location":{"latitude":"0","longitude":"0"},"name":"alinari","photo":"","sex":""}}

DEBUG - Response code 500
DEBUG - Response body {"data":"error","success":"false"}

ERROR - El shared server retorno error
[       OK ] SharedServiceCreateUserErrorTest.createUserErrorTest (0 ms)
[----------] 1 test from SharedServiceCreateUserErrorTest (0 ms total)

[----------] 1 test from SharedServiceUpdateUserTest
[ RUN      ] SharedServiceUpdateUserTest.updateUserTest
DEBUG - Response code 200
DEBUG - Response body {"user":{"age":"33","alias":"alinari","email":"alinari@gmail.com","interests":[{"category":"cars","value":"Ferrari"}],"location":{"latitude":"0","longitude":"0"},"name":"Agustin","photo":"-","sex":"M"}}

[       OK ] SharedServiceUpdateUserTest.updateUserTest (0 ms)
[----------] 1 test from SharedServiceUpdateUserTest (0 ms total)

[----------] 1 test from SharedServiceUpdateUser404Test
[ RUN      ] SharedServiceUpdateUser404Test.updateUser404Test
DEBUG - Response code 404
DEBUG - Response body {"data":"usuario inexistente","success":"false"}

WARN - El usuario o interes no se encuentra registrado en el shared
[       OK ] SharedServiceUpdateUser404Test.updateUser404Test (0 ms)
[----------] 1 test from SharedServiceUpdateUser404Test (0 ms total)

[----------] 1 test from SharedServiceUpdateUserErrorTest
[ RUN      ] SharedServiceUpdateUserErrorTest.updateUserErrorTest
DEBUG - Response code 500
DEBUG - Response body {"data":"error","success":"false"}

ERROR - El shared server retorno error
[       OK ] SharedServiceUpdateUserErrorTest.updateUserErrorTest (0 ms)
[----------] 1 test from SharedServiceUpdateUserErrorTest (0 ms total)

[----------] 1 test from SharedServiceDeleteUserTest
[ RUN      ] SharedServiceDeleteUserTest.deleteUserTest
DEBUG - Response code 200
DEBUG - Response body {"data":"eliminado","success":"true"}

[       OK ] SharedServiceDeleteUserTest.deleteUserTest (0 ms)
[----------] 1 test from SharedServiceDeleteUserTest (0 ms total)

[----------] 1 test from SharedServiceDeleteUser404Test
[ RUN      ] SharedServiceDeleteUser404Test.deleteUser404Test
DEBUG - Response code 404
DEBUG - Response body {"data":"usuario inexistente","success":"false"}

ERROR - El usuario no se encuentra
[       OK ] SharedServiceDeleteUser404Test.deleteUser404Test (0 ms)
[----------] 1 test from SharedServiceDeleteUser404Test (1 ms total)

[----------] 1 test from SharedServiceDeleteUserErrorTest
[ RUN      ] SharedServiceDeleteUserErrorTest.deleteUserErrorTest
DEBUG - Response code 500
DEBUG - Response body {"data":"error","success":"false"}

ERROR - El shared server retorno error
[       OK ] SharedServiceDeleteUserErrorTest.deleteUserErrorTest (0 ms)
[----------] 1 test from SharedServiceDeleteUserErrorTest (0 ms total)

[----------] Global test environment tear-down
[==========] 22 tests from 22 test cases ran. (13 ms total)
[  PASSED  ] 22 tests.
<end of output>
Test time =   0.04 sec
----------------------------------------------------------
Test Passed.
"mockSharedServiceTest" end time: Jun 18 18:38 ART
"mockSharedServiceTest" time elapsed: 00:00:00
----------------------------------------------------------

6/8 Testing: mockSearchCtrlTest
6/8 Test: mockSearchCtrlTest
Command: "/home/agustin/git/serverapp/AppServer/cmake/mockSearchCtrlTest"
Directory: /home/agustin/git/serverapp/AppServer/cmake
"mockSearchCtrlTest" start time: Jun 18 18:38 ART
Output:
----------------------------------------------------------
INFO - Iniciando Tests
[==========] Running 4 tests from 4 test cases.
[----------] Global test environment set-up.
[----------] 1 test from SearchCtrlTest
[ RUN      ] SearchCtrlTest.searchCtrlTest
DEBUG - Se buscan candidatos para el usuario 10
[       OK ] SearchCtrlTest.searchCtrlTest (1 ms)
[----------] 1 test from SearchCtrlTest (1 ms total)

[----------] 1 test from SearchCtrlInvalidQueryStringTest
[ RUN      ] SearchCtrlInvalidQueryStringTest.searchCtrlInvalidQueryStringTest
[       OK ] SearchCtrlInvalidQueryStringTest.searchCtrlInvalidQueryStringTest (0 ms)
[----------] 1 test from SearchCtrlInvalidQueryStringTest (1 ms total)

[----------] 1 test from SearchCtrlDailyLimitTest
[ RUN      ] SearchCtrlDailyLimitTest.searchCtrlDailyLimitTest
DEBUG - Se buscan candidatos para el usuario 10
ERROR - se excedio el limite diario de busquedas de candidatos
[       OK ] SearchCtrlDailyLimitTest.searchCtrlDailyLimitTest (0 ms)
[----------] 1 test from SearchCtrlDailyLimitTest (0 ms total)

[----------] 1 test from SearchCtrlUserNotFoundTest
[ RUN      ] SearchCtrlUserNotFoundTest.searchCtrlUserNotFoundTest
DEBUG - Se buscan candidatos para el usuario 11
ERROR - No se encuentra la entidad
[       OK ] SearchCtrlUserNotFoundTest.searchCtrlUserNotFoundTest (0 ms)
[----------] 1 test from SearchCtrlUserNotFoundTest (0 ms total)

[----------] Global test environment tear-down
[==========] 4 tests from 4 test cases ran. (5 ms total)
[  PASSED  ] 4 tests.
<end of output>
Test time =   0.04 sec
----------------------------------------------------------
Test Passed.
"mockSearchCtrlTest" end time: Jun 18 18:38 ART
"mockSearchCtrlTest" time elapsed: 00:00:00
----------------------------------------------------------

7/8 Testing: mockChatCtrlTest
7/8 Test: mockChatCtrlTest
Command: "/home/agustin/git/serverapp/AppServer/cmake/mockChatCtrlTest"
Directory: /home/agustin/git/serverapp/AppServer/cmake
"mockChatCtrlTest" start time: Jun 18 18:38 ART
Output:
----------------------------------------------------------
INFO - Iniciando Tests
[==========] Running 12 tests from 12 test cases.
[----------] Global test environment set-up.
[----------] 1 test from ChatCtrlGetAllMessagesTest
[ RUN      ] ChatCtrlGetAllMessagesTest.chatCtrlGetAllMessagesTest
DEBUG - CONNECT CHAT CONTROLLER
INFO - se obtiene la conversacion entre 10 y 11
[       OK ] ChatCtrlGetAllMessagesTest.chatCtrlGetAllMessagesTest (1 ms)
[----------] 1 test from ChatCtrlGetAllMessagesTest (1 ms total)

[----------] 1 test from ChatCtrlGetAllMessagesInvalidQueryStringTest
[ RUN      ] ChatCtrlGetAllMessagesInvalidQueryStringTest.chatCtrlGetAllMessagesInvalidQueryStringTest
DEBUG - CONNECT CHAT CONTROLLER
[       OK ] ChatCtrlGetAllMessagesInvalidQueryStringTest.chatCtrlGetAllMessagesInvalidQueryStringTest (0 ms)
[----------] 1 test from ChatCtrlGetAllMessagesInvalidQueryStringTest (0 ms total)

[----------] 1 test from ChatCtrlGetAllMessagesUserNotFoundTest
[ RUN      ] ChatCtrlGetAllMessagesUserNotFoundTest.chatCtrlGetAllMessagesUserNotFoundTest
DEBUG - CONNECT CHAT CONTROLLER
ERROR - No se encuentra la entidad
[       OK ] ChatCtrlGetAllMessagesUserNotFoundTest.chatCtrlGetAllMessagesUserNotFoundTest (0 ms)
[----------] 1 test from ChatCtrlGetAllMessagesUserNotFoundTest (0 ms total)

[----------] 1 test from ChatCtrlGetNewMessagesTest
[ RUN      ] ChatCtrlGetNewMessagesTest.chatCtrlGetNewMessagesTest
DEBUG - CONNECT CHAT CONTROLLER
INFO - se obtiene los nuevos mensajes para 10 de 11
[       OK ] ChatCtrlGetNewMessagesTest.chatCtrlGetNewMessagesTest (0 ms)
[----------] 1 test from ChatCtrlGetNewMessagesTest (0 ms total)

[----------] 1 test from ChatCtrlGetNewMessagesInvalidQueryStringTest
[ RUN      ] ChatCtrlGetNewMessagesInvalidQueryStringTest.chatCtrlGetNewMessagesInvalidQueryStringTest
DEBUG - CONNECT CHAT CONTROLLER
[       OK ] ChatCtrlGetNewMessagesInvalidQueryStringTest.chatCtrlGetNewMessagesInvalidQueryStringTest (0 ms)
[----------] 1 test from ChatCtrlGetNewMessagesInvalidQueryStringTest (0 ms total)

[----------] 1 test from ChatCtrlGetNewMessagesUserNotFoundTest
[ RUN      ] ChatCtrlGetNewMessagesUserNotFoundTest.chatCtrlGetNewMessagesUserNotFoundTest
DEBUG - CONNECT CHAT CONTROLLER
ERROR - No se encuentra la entidad
[       OK ] ChatCtrlGetNewMessagesUserNotFoundTest.chatCtrlGetNewMessagesUserNotFoundTest (0 ms)
[----------] 1 test from ChatCtrlGetNewMessagesUserNotFoundTest (0 ms total)

[----------] 1 test from ChatCtrlAddNewMessagesTest
[ RUN      ] ChatCtrlAddNewMessagesTest.chatCtrlAddNewMessagesTest
DEBUG - CONNECT CHAT CONTROLLER
DEBUG - Se intenta postear un mensaje del usuario 11 a 10
INFO - se agrega el mensaje de 11 a la conversacion con 10
[       OK ] ChatCtrlAddNewMessagesTest.chatCtrlAddNewMessagesTest (0 ms)
[----------] 1 test from ChatCtrlAddNewMessagesTest (0 ms total)

[----------] 1 test from ChatCtrlAddNewMessagesInvalidJsonTest
[ RUN      ] ChatCtrlAddNewMessagesInvalidJsonTest.chatCtrlAddNewMessagesInvalidJsonTest
DEBUG - CONNECT CHAT CONTROLLER
ERROR - error parseando json
[       OK ] ChatCtrlAddNewMessagesInvalidJsonTest.chatCtrlAddNewMessagesInvalidJsonTest (1 ms)
[----------] 1 test from ChatCtrlAddNewMessagesInvalidJsonTest (1 ms total)

[----------] 1 test from ChatCtrlAddNewMessagesUserNotFoundTest
[ RUN      ] ChatCtrlAddNewMessagesUserNotFoundTest.chatCtrlAddNewMessagesUserNotFoundTest
DEBUG - CONNECT CHAT CONTROLLER
DEBUG - Se intenta postear un mensaje del usuario 11 a 10
ERROR - No se encuentra la entidad
[       OK ] ChatCtrlAddNewMessagesUserNotFoundTest.chatCtrlAddNewMessagesUserNotFoundTest (0 ms)
[----------] 1 test from ChatCtrlAddNewMessagesUserNotFoundTest (0 ms total)

[----------] 1 test from ChatCtrlUpdateLastMessageTest
[ RUN      ] ChatCtrlUpdateLastMessageTest.chatCtrlUpdateLastMessagesTest
DEBUG - CONNECT CHAT CONTROLLER
DEBUG - Se intenta actualizar el ultimo mensaje de 11 visto por usuario 10
INFO - se actualiza el ultimo mensaje visto por 10 de11
[       OK ] ChatCtrlUpdateLastMessageTest.chatCtrlUpdateLastMessagesTest (0 ms)
[----------] 1 test from ChatCtrlUpdateLastMessageTest (0 ms total)

[----------] 1 test from ChatCtrlUpdateLastInvalidJsonTest
[ RUN      ] ChatCtrlUpdateLastInvalidJsonTest.chatCtrlUpdateLastInvalidJsonTest
DEBUG - CONNECT CHAT CONTROLLER
[       OK ] ChatCtrlUpdateLastInvalidJsonTest.chatCtrlUpdateLastInvalidJsonTest (0 ms)
[----------] 1 test from ChatCtrlUpdateLastInvalidJsonTest (0 ms total)

[----------] 1 test from ChatCtrlUpdateLastUserNotFoundTest
[ RUN      ] ChatCtrlUpdateLastUserNotFoundTest.chatCtrlUpdateLastUserNotFoundTest
DEBUG - CONNECT CHAT CONTROLLER
DEBUG - Se intenta actualizar el ultimo mensaje de 11 visto por usuario 10
ERROR - No se encuentra la entidad
[       OK ] ChatCtrlUpdateLastUserNotFoundTest.chatCtrlUpdateLastUserNotFoundTest (0 ms)
[----------] 1 test from ChatCtrlUpdateLastUserNotFoundTest (0 ms total)

[----------] Global test environment tear-down
[==========] 12 tests from 12 test cases ran. (12 ms total)
[  PASSED  ] 12 tests.
<end of output>
Test time =   0.04 sec
----------------------------------------------------------
Test Passed.
"mockChatCtrlTest" end time: Jun 18 18:38 ART
"mockChatCtrlTest" time elapsed: 00:00:00
----------------------------------------------------------

8/8 Testing: mockMatchCtrlTest
8/8 Test: mockMatchCtrlTest
Command: "/home/agustin/git/serverapp/AppServer/cmake/mockMatchCtrlTest"
Directory: /home/agustin/git/serverapp/AppServer/cmake
"mockMatchCtrlTest" start time: Jun 18 18:38 ART
Output:
----------------------------------------------------------
INFO - Iniciando Tests
[==========] Running 19 tests from 19 test cases.
[----------] Global test environment set-up.
[----------] 1 test from MatchCtrlGetMatchesTest
[ RUN      ] MatchCtrlGetMatchesTest.matchCtrlGetMatchesTest
DEBUG - Se obtienen los nuevos matches del usuario 10
[       OK ] MatchCtrlGetMatchesTest.matchCtrlGetMatchesTest (1 ms)
[----------] 1 test from MatchCtrlGetMatchesTest (1 ms total)

[----------] 1 test from MatchCtrlGetMatchesInvalidQueryStringTest
[ RUN      ] MatchCtrlGetMatchesInvalidQueryStringTest.matchCtrlGetMatchesInvalidQueryStringTest
[       OK ] MatchCtrlGetMatchesInvalidQueryStringTest.matchCtrlGetMatchesInvalidQueryStringTest (0 ms)
[----------] 1 test from MatchCtrlGetMatchesInvalidQueryStringTest (0 ms total)

[----------] 1 test from MatchCtrlGetMatchesUserNotFoundTest
[ RUN      ] MatchCtrlGetMatchesUserNotFoundTest.matchCtrlGetMatchesUserNotFoundTest
DEBUG - Se obtienen los nuevos matches del usuario 10
ERROR - No se encuentra la entidad
[       OK ] MatchCtrlGetMatchesUserNotFoundTest.matchCtrlGetMatchesUserNotFoundTest (0 ms)
[----------] 1 test from MatchCtrlGetMatchesUserNotFoundTest (0 ms total)

[----------] 1 test from MatchCtrlYesTest
[ RUN      ] MatchCtrlYesTest.matchCtrlYesTest
DEBUG - Se intenta agregar el usuario 11 a la lista de aceptados de 10
INFO - se agrega el usuario 11 a la lista de aceptados de 10
[       OK ] MatchCtrlYesTest.matchCtrlYesTest (0 ms)
[----------] 1 test from MatchCtrlYesTest (0 ms total)

[----------] 1 test from MatchCtrlYesMatchedTest
[ RUN      ] MatchCtrlYesMatchedTest.matchCtrlYesMatchedTest
DEBUG - Se intenta agregar el usuario 11 a la lista de aceptados de 10
INFO - se produzco un match entre 10 y 11
[       OK ] MatchCtrlYesMatchedTest.matchCtrlYesMatchedTest (0 ms)
[----------] 1 test from MatchCtrlYesMatchedTest (6 ms total)

[----------] 1 test from MatchCtrlYesInvalidJsonTest
[ RUN      ] MatchCtrlYesInvalidJsonTest.matchCtrlYesInvalidJsonTest
[       OK ] MatchCtrlYesInvalidJsonTest.matchCtrlYesInvalidJsonTest (0 ms)
[----------] 1 test from MatchCtrlYesInvalidJsonTest (0 ms total)

[----------] 1 test from MatchCtrlYesUserNotFoundTest
[ RUN      ] MatchCtrlYesUserNotFoundTest.matchCtrlYesUserNotFoundTest
DEBUG - Se intenta agregar el usuario 11 a la lista de aceptados de 10
ERROR - No se encuentra la entidad
[       OK ] MatchCtrlYesUserNotFoundTest.matchCtrlYesUserNotFoundTest (0 ms)
[----------] 1 test from MatchCtrlYesUserNotFoundTest (0 ms total)

[----------] 1 test from MatchCtrlYesIllegalTest
[ RUN      ] MatchCtrlYesIllegalTest.matchCtrlYesIllegalTest
DEBUG - Se intenta agregar el usuario 11 a la lista de aceptados de 10
ERROR - La entidad ya existe
[       OK ] MatchCtrlYesIllegalTest.matchCtrlYesIllegalTest (0 ms)
[----------] 1 test from MatchCtrlYesIllegalTest (0 ms total)

[----------] 1 test from MatchCtrlNoTest
[ RUN      ] MatchCtrlNoTest.matchCtrlNoTest
DEBUG - Se intenta agregar el usuario 11 a la lista de rechazados de 10
INFO - se agrega el usuario 11 a la lista de rechazados de 10
[       OK ] MatchCtrlNoTest.matchCtrlNoTest (0 ms)
[----------] 1 test from MatchCtrlNoTest (0 ms total)

[----------] 1 test from MatchCtrlNoInvalidJsonTest
[ RUN      ] MatchCtrlNoInvalidJsonTest.matchCtrlNoInvalidJsonTest
[       OK ] MatchCtrlNoInvalidJsonTest.matchCtrlNoInvalidJsonTest (0 ms)
[----------] 1 test from MatchCtrlNoInvalidJsonTest (0 ms total)

[----------] 1 test from MatchCtrlNoUserNotFoundTest
[ RUN      ] MatchCtrlNoUserNotFoundTest.matchCtrlNoUserNotFoundTest
DEBUG - Se intenta agregar el usuario 11 a la lista de rechazados de 10
ERROR - No se encuentra la entidad
[       OK ] MatchCtrlNoUserNotFoundTest.matchCtrlNoUserNotFoundTest (0 ms)
[----------] 1 test from MatchCtrlNoUserNotFoundTest (0 ms total)

[----------] 1 test from MatchCtrlNoIllegalTest
[ RUN      ] MatchCtrlNoIllegalTest.matchCtrlNoIllegalTest
DEBUG - Se intenta agregar el usuario 11 a la lista de rechazados de 10
ERROR - La entidad ya existe
[       OK ] MatchCtrlNoIllegalTest.matchCtrlNoIllegalTest (0 ms)
[----------] 1 test from MatchCtrlNoIllegalTest (0 ms total)

[----------] 1 test from MatchCtrlConfirmTest
[ RUN      ] MatchCtrlConfirmTest.matchCtrlConfirmTest
DEBUG - Se intenta agregar el usuario 11 a la lista de confirmados de 10
INFO - se agrega el usuario 11 a la lista de confirmados de 10
[       OK ] MatchCtrlConfirmTest.matchCtrlConfirmTest (1 ms)
[----------] 1 test from MatchCtrlConfirmTest (1 ms total)

[----------] 1 test from MatchCtrlConfirmInvalidJsonTest
[ RUN      ] MatchCtrlConfirmInvalidJsonTest.matchCtrlConfirmInvalidJsonTest
ERROR - error parseando json
[       OK ] MatchCtrlConfirmInvalidJsonTest.matchCtrlConfirmInvalidJsonTest (0 ms)
[----------] 1 test from MatchCtrlConfirmInvalidJsonTest (0 ms total)

[----------] 1 test from MatchCtrlConfirmUserNotFoundTest
[ RUN      ] MatchCtrlConfirmUserNotFoundTest.matchCtrlConfirmUserNotFoundTest
DEBUG - Se intenta agregar el usuario 11 a la lista de confirmados de 10
ERROR - No se encuentra la entidad
[       OK ] MatchCtrlConfirmUserNotFoundTest.matchCtrlConfirmUserNotFoundTest (0 ms)
[----------] 1 test from MatchCtrlConfirmUserNotFoundTest (0 ms total)

[----------] 1 test from MatchCtrlConfirmIllegalTest
[ RUN      ] MatchCtrlConfirmIllegalTest.matchCtrlConfirmIllegalTest
DEBUG - Se intenta agregar el usuario 11 a la lista de confirmados de 10
ERROR - La entidad ya existe
[       OK ] MatchCtrlConfirmIllegalTest.matchCtrlConfirmIllegalTest (0 ms)
[----------] 1 test from MatchCtrlConfirmIllegalTest (0 ms total)

[----------] 1 test from MatchCtrlGetChatsTest
[ RUN      ] MatchCtrlGetChatsTest.matchCtrlGetChatsTest
DEBUG - Se obtienen los chats del usuario 10
[       OK ] MatchCtrlGetChatsTest.matchCtrlGetChatsTest (0 ms)
[----------] 1 test from MatchCtrlGetChatsTest (0 ms total)

[----------] 1 test from MatchCtrlGetChatsInvalidQueryStringTest
[ RUN      ] MatchCtrlGetChatsInvalidQueryStringTest.matchCtrlGetChatsInvalidQueryStringTest
[       OK ] MatchCtrlGetChatsInvalidQueryStringTest.matchCtrlGetChatsInvalidQueryStringTest (0 ms)
[----------] 1 test from MatchCtrlGetChatsInvalidQueryStringTest (0 ms total)

[----------] 1 test from MatchCtrlGetChatsUserNotFoundTest
[ RUN      ] MatchCtrlGetChatsUserNotFoundTest.matchCtrlGetChatsUserNotFoundTest
DEBUG - Se obtienen los chats del usuario 10
ERROR - No se encuentra la entidad
[       OK ] MatchCtrlGetChatsUserNotFoundTest.matchCtrlGetChatsUserNotFoundTest (0 ms)
[----------] 1 test from MatchCtrlGetChatsUserNotFoundTest (0 ms total)

[----------] Global test environment tear-down
[==========] 19 tests from 19 test cases ran. (10 ms total)
[  PASSED  ] 19 tests.
<end of output>
Test time =   0.04 sec
----------------------------------------------------------
Test Passed.
"mockMatchCtrlTest" end time: Jun 18 18:38 ART
"mockMatchCtrlTest" time elapsed: 00:00:00
----------------------------------------------------------

End testing: Jun 18 18:38 ART
