Start testing: May 01 20:01 ART
----------------------------------------------------------
1/2 Testing: mockAuthenticationCtrlTest
1/2 Test: mockAuthenticationCtrlTest
Command: "/home/agustin/git/serverapp/AppServer/cmake/mockAuthenticationCtrlTest"
Directory: /home/agustin/git/serverapp/AppServer/cmake
"mockAuthenticationCtrlTest" start time: May 01 20:01 ART
Output:
----------------------------------------------------------
INFO - Iniciando Tests
[==========] Running 3 tests from 3 test cases.
[----------] Global test environment set-up.
[----------] 1 test from JwTokenTest
[ RUN      ] JwTokenTest.generatingToken
*****************************************************************
TOKEN GENERADO: eyJ0eXAiOiJKV1QiLCJhbGciOiJIUzI1NiJ9.eyJleHBpcmUiOiI2MCIsInRpbWVzdGFtcCI6IjE0NjIxNDM2OTYiLCJ1c2VybmFtZSI6InBzaXZvcmkifQ.-NAYdgPr7r-qqbrpbdeP1jBT8I_VwhdwyubiOKoP0Ts
*****************************************************************
[       OK ] JwTokenTest.generatingToken (1 ms)
[----------] 1 test from JwTokenTest (1 ms total)

[----------] 1 test from AuthorizationTokenTest
[ RUN      ] AuthorizationTokenTest.isValidToken
[       OK ] AuthorizationTokenTest.isValidToken (0 ms)
[----------] 1 test from AuthorizationTokenTest (0 ms total)

[----------] 1 test from AuthenticationServiceTest
[ RUN      ] AuthenticationServiceTest.login
DEBUG - JSON: {"alias":"","email":"","id":"","interests":[],"location":"{\"latitude\":\"0\",\"longitude\":\"0\"}\n","name":"psivori","password":"password","photo_profile":"","token":""}

DEBUG - Password base password
DEBUG - Password ingresado password
[       OK ] AuthenticationServiceTest.login (0 ms)
[----------] 1 test from AuthenticationServiceTest (8 ms total)

[----------] Global test environment tear-down
[==========] 3 tests from 3 test cases ran. (13 ms total)
[  PASSED  ] 3 tests.
<end of output>
Test time =   0.04 sec
----------------------------------------------------------
Test Passed.
"mockAuthenticationCtrlTest" end time: May 01 20:01 ART
"mockAuthenticationCtrlTest" time elapsed: 00:00:00
----------------------------------------------------------

2/2 Testing: mockMatchServiceTest
2/2 Test: mockMatchServiceTest
Command: "/home/agustin/git/serverapp/AppServer/cmake/mockMatchServiceTest"
Directory: /home/agustin/git/serverapp/AppServer/cmake
"mockMatchServiceTest" start time: May 01 20:01 ART
Output:
----------------------------------------------------------
INFO - Iniciando Tests
[==========] Running 1 test from 1 test case.
[----------] Global test environment set-up.
[----------] 1 test from MatchServiceTest
[ RUN      ] MatchServiceTest.confirmingUser
INFO - Confirmando match con usuario alinari para usuario psivori
[       OK ] MatchServiceTest.confirmingUser (0 ms)
[----------] 1 test from MatchServiceTest (0 ms total)

[----------] Global test environment tear-down
[==========] 1 test from 1 test case ran. (5 ms total)
[  PASSED  ] 1 test.
<end of output>
Test time =   0.02 sec
----------------------------------------------------------
Test Passed.
"mockMatchServiceTest" end time: May 01 20:01 ART
"mockMatchServiceTest" time elapsed: 00:00:00
----------------------------------------------------------

End testing: May 01 20:01 ART
