Start testing: Jun 24 22:00 ART
----------------------------------------------------------
1/11 Testing: mockAuthenticationServiceTest
1/11 Test: mockAuthenticationServiceTest
Command: "/home/agustin/git/serverapp/AppServer/cmake/mockAuthenticationServiceTest"
Directory: /home/agustin/git/serverapp/AppServer/cmake
"mockAuthenticationServiceTest" start time: Jun 24 22:00 ART
Output:
----------------------------------------------------------
INFO - Iniciando Tests
[==========] Running 3 tests from 3 test cases.
[----------] Global test environment set-up.
[----------] 1 test from JwTokenTest
[ RUN      ] JwTokenTest.generatingToken
DEBUG - EMAIL PARA EL PAYLOAD: sivori.daniel@gmail.com 0x1b72060
DEBUG - TIMESTAMP: 1466816431 0x1b72060
DEBUG - EXPIRE: 1800 0x1b72060
DEBUG - TOKEN GENERADO 0x1b72060
*****************************************************************
TOKEN GENERADO: eyJ0eXAiOiJKV1QiLCJhbGciOiJIUzI1NiJ9.eyJlbWFpbCI6InNpdm9yaS5kYW5pZWxAZ21haWwuY29tIiwiZXhwaXJlIjoiMTgwMCIsInRpbWVzdGFtcCI6IjE0NjY4MTY0MzEifQ.gXsPdftJzvWNaJpNvMvbOsGLbt8q45raOxx49pPB_c8
*****************************************************************
[       OK ] JwTokenTest.generatingToken (41 ms)
[----------] 1 test from JwTokenTest (41 ms total)

[----------] 1 test from AuthorizationTokenTest
[ RUN      ] AuthorizationTokenTest.isValidToken
DEBUG - EMAIL PARA EL PAYLOAD: 17 0x1b76150
DEBUG - TIMESTAMP: 1466816431 0x1b76150
DEBUG - EXPIRE: 1800 0x1b76150
DEBUG - TOKEN GENERADO 0x1b76150
[       OK ] AuthorizationTokenTest.isValidToken (1 ms)
[----------] 1 test from AuthorizationTokenTest (1 ms total)

[----------] 1 test from AuthenticationServiceTest
[ RUN      ] AuthenticationServiceTest.login
DEBUG - JSON: {"user":{"email":"","id":"1","name":"sivori.daniel@gmail.com","password":"password","token":""}}

DEBUG - Password base password
DEBUG - Password ingresado password
DEBUG - Email base 
[       OK ] AuthenticationServiceTest.login (23 ms)
[----------] 1 test from AuthenticationServiceTest (23 ms total)

[----------] Global test environment tear-down
[==========] 3 tests from 3 test cases ran. (65 ms total)
[  PASSED  ] 3 tests.
<end of output>
Test time =   0.91 sec
----------------------------------------------------------
Test Passed.
"mockAuthenticationServiceTest" end time: Jun 24 22:00 ART
"mockAuthenticationServiceTest" time elapsed: 00:00:00
----------------------------------------------------------

2/11 Testing: mockMatchServiceTest
2/11 Test: mockMatchServiceTest
Command: "/home/agustin/git/serverapp/AppServer/cmake/mockMatchServiceTest"
Directory: /home/agustin/git/serverapp/AppServer/cmake
"mockMatchServiceTest" start time: Jun 24 22:00 ART
Output:
----------------------------------------------------------
INFO - Iniciando Tests
[==========] Running 20 tests from 20 test cases.
[----------] Global test environment set-up.
[----------] 1 test from MatchServiceConfirmTest
[ RUN      ] MatchServiceConfirmTest.confirmingUser
INFO - Confirmando match con usuario alinari para usuario psivori

GMOCK WARNING:
Uninteresting mock function call - returning directly.
    Function call: put("psivori", 0x2806910)
NOTE: You can safely ignore the above warning unless this call should not happen.  Do not suppress it by blindly adding an EXPECT_CALL() if you don't mean to enforce the call.  See https://github.com/google/googletest/blob/master/googlemock/docs/CookBook.md#knowing-when-to-expect for details.

GMOCK WARNING:
Uninteresting mock function call - returning directly.
    Function call: put("alinari", 0x2808fd0)
NOTE: You can safely ignore the above warning unless this call should not happen.  Do not suppress it by blindly adding an EXPECT_CALL() if you don't mean to enforce the call.  See https://github.com/google/googletest/blob/master/googlemock/docs/CookBook.md#knowing-when-to-expect for details.
INFO - Se crea el chat entre el usuario alinari y el usuario psivori
[       OK ] MatchServiceConfirmTest.confirmingUser (17 ms)
[----------] 1 test from MatchServiceConfirmTest (17 ms total)

[----------] 1 test from MatchServiceConfirmBadUserTest
[ RUN      ] MatchServiceConfirmBadUserTest.confirmingBadUser
ERROR - Es el mismo usuario
[       OK ] MatchServiceConfirmBadUserTest.confirmingBadUser (1 ms)
[----------] 1 test from MatchServiceConfirmBadUserTest (1 ms total)

[----------] 1 test from MatchServiceConfirmUserIsInAcceptedListTest
[ RUN      ] MatchServiceConfirmUserIsInAcceptedListTest.confirmingUserIsInAcceptedList
ERROR - El usuario alinari ya se encuentra en la lista de aceptados
[       OK ] MatchServiceConfirmUserIsInAcceptedListTest.confirmingUserIsInAcceptedList (0 ms)
[----------] 1 test from MatchServiceConfirmUserIsInAcceptedListTest (0 ms total)

[----------] 1 test from MatchServiceConfirmUserIsInRejectedListTest
[ RUN      ] MatchServiceConfirmUserIsInRejectedListTest.confirmingUserIsInRejectedList
ERROR - El usuario alinari ya se encuentra en la lista de rechazados
[       OK ] MatchServiceConfirmUserIsInRejectedListTest.confirmingUserIsInRejectedList (0 ms)
[----------] 1 test from MatchServiceConfirmUserIsInRejectedListTest (0 ms total)

[----------] 1 test from MatchServiceConfirmUserIsNotMatchedTest
[ RUN      ] MatchServiceConfirmUserIsNotMatchedTest.confirmingUserIsNotMatched
ERROR - Los usuarios no estan matcheados
[       OK ] MatchServiceConfirmUserIsNotMatchedTest.confirmingUserIsNotMatched (0 ms)
[----------] 1 test from MatchServiceConfirmUserIsNotMatchedTest (0 ms total)

[----------] 1 test from MatchServiceAccept1Test
[ RUN      ] MatchServiceAccept1Test.acceptingUser1
INFO - Agregando el usuario alinari a la lista de aceptados de psivori

GMOCK WARNING:
Uninteresting mock function call - returning directly.
    Function call: put("stats", 0x28096d0)
NOTE: You can safely ignore the above warning unless this call should not happen.  Do not suppress it by blindly adding an EXPECT_CALL() if you don't mean to enforce the call.  See https://github.com/google/googletest/blob/master/googlemock/docs/CookBook.md#knowing-when-to-expect for details.
[       OK ] MatchServiceAccept1Test.acceptingUser1 (2 ms)
[----------] 1 test from MatchServiceAccept1Test (2 ms total)

[----------] 1 test from MatchServiceAccept2Test
[ RUN      ] MatchServiceAccept2Test.acceptingUser2
INFO - Se registra un match entre psivori y alinari

GMOCK WARNING:
Uninteresting mock function call - returning directly.
    Function call: put("stats", 0x280a190)
NOTE: You can safely ignore the above warning unless this call should not happen.  Do not suppress it by blindly adding an EXPECT_CALL() if you don't mean to enforce the call.  See https://github.com/google/googletest/blob/master/googlemock/docs/CookBook.md#knowing-when-to-expect for details.
[       OK ] MatchServiceAccept2Test.acceptingUser2 (0 ms)
[----------] 1 test from MatchServiceAccept2Test (0 ms total)

[----------] 1 test from MatchServiceAcceptBadUserTest
[ RUN      ] MatchServiceAcceptBadUserTest.acceptingBadUser
ERROR - Es el mismo usuario
[       OK ] MatchServiceAcceptBadUserTest.acceptingBadUser (0 ms)
[----------] 1 test from MatchServiceAcceptBadUserTest (0 ms total)

[----------] 1 test from MatchServiceAcceptUserIsInRejectedListTest
[ RUN      ] MatchServiceAcceptUserIsInRejectedListTest.confirmingUserIsInRejectedList
ERROR - El usuario alinari ya se encuentra en la lista de rechazados
ERROR - La entidad ya existe
[       OK ] MatchServiceAcceptUserIsInRejectedListTest.confirmingUserIsInRejectedList (0 ms)
[----------] 1 test from MatchServiceAcceptUserIsInRejectedListTest (0 ms total)

[----------] 1 test from MatchServiceAcceptUserIsMatchedTest
[ RUN      ] MatchServiceAcceptUserIsMatchedTest.confirmingUserIsMatched
ERROR - El usuario jferrio ya se encuentra en la lista de matcheados
ERROR - La entidad ya existe
[       OK ] MatchServiceAcceptUserIsMatchedTest.confirmingUserIsMatched (0 ms)
[----------] 1 test from MatchServiceAcceptUserIsMatchedTest (0 ms total)

[----------] 1 test from MatchServiceAcceptChatExistsTest
[ RUN      ] MatchServiceAcceptChatExistsTest.confirmingUserChatExists
ERROR - Los usuarios ya estan matcheados
ERROR - La entidad ya existe
[       OK ] MatchServiceAcceptChatExistsTest.confirmingUserChatExists (1 ms)
[----------] 1 test from MatchServiceAcceptChatExistsTest (1 ms total)

[----------] 1 test from MatchServiceRejectTest
[ RUN      ] MatchServiceRejectTest.rejectingUser
INFO - Agregando el usuario alinari a la lista de rechazados de psivori
[       OK ] MatchServiceRejectTest.rejectingUser (0 ms)
[----------] 1 test from MatchServiceRejectTest (0 ms total)

[----------] 1 test from MatchServiceRejectBadUserTest
[ RUN      ] MatchServiceRejectBadUserTest.rejectingBadUser
ERROR - Es el mismo usuario
[       OK ] MatchServiceRejectBadUserTest.rejectingBadUser (0 ms)
[----------] 1 test from MatchServiceRejectBadUserTest (0 ms total)

[----------] 1 test from MatchServiceRejectUserIsInAceptedListTest
[ RUN      ] MatchServiceRejectUserIsInAceptedListTest.rejectingUserIsInAceptedList
ERROR - El usuario alinari ya se encuentra en la lista de aceptados
ERROR - La entidad ya existe
[       OK ] MatchServiceRejectUserIsInAceptedListTest.rejectingUserIsInAceptedList (0 ms)
[----------] 1 test from MatchServiceRejectUserIsInAceptedListTest (0 ms total)

[----------] 1 test from MatchServiceRejectUserIsInRejectedListTest
[ RUN      ] MatchServiceRejectUserIsInRejectedListTest.rejectingUserIsInRejectedList
ERROR - El usuario alinari ya se encuentra en la lista de rechazados
[       OK ] MatchServiceRejectUserIsInRejectedListTest.rejectingUserIsInRejectedList (0 ms)
[----------] 1 test from MatchServiceRejectUserIsInRejectedListTest (0 ms total)

[----------] 1 test from MatchServiceRejectUserIsMatchedTest
[ RUN      ] MatchServiceRejectUserIsMatchedTest.rejectingUserIsMatched
ERROR - El usuario jferrio ya se encuentra en la lista de matcheados
ERROR - La entidad ya existe
[       OK ] MatchServiceRejectUserIsMatchedTest.rejectingUserIsMatched (0 ms)
[----------] 1 test from MatchServiceRejectUserIsMatchedTest (0 ms total)

[----------] 1 test from MatchServiceRejectChatExistsTest
[ RUN      ] MatchServiceRejectChatExistsTest.rejectingUserChatExists
ERROR - Los usuarios ya estan matcheados
ERROR - La entidad ya existe
[       OK ] MatchServiceRejectChatExistsTest.rejectingUserChatExists (0 ms)
[----------] 1 test from MatchServiceRejectChatExistsTest (0 ms total)

[----------] 1 test from MatchServiceTest
[ RUN      ] MatchServiceTest.getNewMatches
INFO - Obteniendo la lista de nuevos matches del usuario psivori
[       OK ] MatchServiceTest.getNewMatches (0 ms)
[----------] 1 test from MatchServiceTest (0 ms total)

[----------] 1 test from MatchServiceGetChatsTest
[ RUN      ] MatchServiceGetChatsTest.getChatsTest
INFO - Obteniendo la lista de chats del usuario psivori
[       OK ] MatchServiceGetChatsTest.getChatsTest (1 ms)
[----------] 1 test from MatchServiceGetChatsTest (1 ms total)

[----------] 1 test from MatchServiceGetChatsNotFoundTest
[ RUN      ] MatchServiceGetChatsNotFoundTest.getChatsNotFoundTest
INFO - Obteniendo la lista de chats del usuario psivori
ERROR - No se encontro el usuario en la base
[       OK ] MatchServiceGetChatsNotFoundTest.getChatsNotFoundTest (0 ms)
[----------] 1 test from MatchServiceGetChatsNotFoundTest (0 ms total)

[----------] Global test environment tear-down
[==========] 20 tests from 20 test cases ran. (22 ms total)
[  PASSED  ] 20 tests.
<end of output>
Test time =   0.38 sec
----------------------------------------------------------
Test Passed.
"mockMatchServiceTest" end time: Jun 24 22:00 ART
"mockMatchServiceTest" time elapsed: 00:00:00
----------------------------------------------------------

3/11 Testing: mockChatServiceTest
3/11 Test: mockChatServiceTest
Command: "/home/agustin/git/serverapp/AppServer/cmake/mockChatServiceTest"
Directory: /home/agustin/git/serverapp/AppServer/cmake
"mockChatServiceTest" start time: Jun 24 22:00 ART
Output:
----------------------------------------------------------
INFO - Iniciando Tests
[==========] Running 12 tests from 12 test cases.
[----------] Global test environment set-up.
[----------] 1 test from ChatServiceGetAllMessagesTest
[ RUN      ] ChatServiceGetAllMessagesTest.getAllMessages
[       OK ] ChatServiceGetAllMessagesTest.getAllMessages (10 ms)
[----------] 1 test from ChatServiceGetAllMessagesTest (10 ms total)

[----------] 1 test from ChatServiceGetAllMessagesNonexistentChatTest
[ RUN      ] ChatServiceGetAllMessagesNonexistentChatTest.getAllMessagesNonexistentChat
ERROR - No se encuentra el chat alinari-psivori
[       OK ] ChatServiceGetAllMessagesNonexistentChatTest.getAllMessagesNonexistentChat (2 ms)
[----------] 1 test from ChatServiceGetAllMessagesNonexistentChatTest (2 ms total)

[----------] 1 test from ChatServiceGetNewMessagesTest
[ RUN      ] ChatServiceGetNewMessagesTest.getNewMessages
[       OK ] ChatServiceGetNewMessagesTest.getNewMessages (0 ms)
[----------] 1 test from ChatServiceGetNewMessagesTest (0 ms total)

[----------] 1 test from ChatServiceGetNewMessagesNonexistentChatTest
[ RUN      ] ChatServiceGetNewMessagesNonexistentChatTest.getNewMessagesNonexistentChat
ERROR - No se encuentra el chat alinari-psivori
[       OK ] ChatServiceGetNewMessagesNonexistentChatTest.getNewMessagesNonexistentChat (0 ms)
[----------] 1 test from ChatServiceGetNewMessagesNonexistentChatTest (0 ms total)

[----------] 1 test from ChatServiceAddNewMessageTest
[ RUN      ] ChatServiceAddNewMessageTest.addNewMessage
[       OK ] ChatServiceAddNewMessageTest.addNewMessage (0 ms)
[----------] 1 test from ChatServiceAddNewMessageTest (0 ms total)

[----------] 1 test from ChatServiceAddNewMessageNonexistentChatTest
[ RUN      ] ChatServiceAddNewMessageNonexistentChatTest.addNewMessageNonexistentChat
ERROR - No se encuentra el chat alinari-psivori
[       OK ] ChatServiceAddNewMessageNonexistentChatTest.addNewMessageNonexistentChat (0 ms)
[----------] 1 test from ChatServiceAddNewMessageNonexistentChatTest (0 ms total)

[----------] 1 test from ChatServiceUpdateLastMessageTest
[ RUN      ] ChatServiceUpdateLastMessageTest.updateLastMessage
[       OK ] ChatServiceUpdateLastMessageTest.updateLastMessage (0 ms)
[----------] 1 test from ChatServiceUpdateLastMessageTest (0 ms total)

[----------] 1 test from ChatServiceUpdateLastMessageNonexistentChatTest
[ RUN      ] ChatServiceUpdateLastMessageNonexistentChatTest.updateLastMessageNonexistentChat
ERROR - No se encuentra el chat alinari-psivori
[       OK ] ChatServiceUpdateLastMessageNonexistentChatTest.updateLastMessageNonexistentChat (0 ms)
[----------] 1 test from ChatServiceUpdateLastMessageNonexistentChatTest (1 ms total)

[----------] 1 test from ChatServiceCreateChatTest
[ RUN      ] ChatServiceCreateChatTest.createChat
[       OK ] ChatServiceCreateChatTest.createChat (0 ms)
[----------] 1 test from ChatServiceCreateChatTest (0 ms total)

[----------] 1 test from ChatServiceCreateExistentChatTest
[ RUN      ] ChatServiceCreateExistentChatTest.createExistentChat

GMOCK WARNING:
Uninteresting mock function call - returning default value.
    Function call: get("jferrio-psivori")
          Returns: NULL
NOTE: You can safely ignore the above warning unless this call should not happen.  Do not suppress it by blindly adding an EXPECT_CALL() if you don't mean to enforce the call.  See https://github.com/google/googletest/blob/master/googlemock/docs/CookBook.md#knowing-when-to-expect for details.
WARN - La conversacion jferrio-psivori ya existe
[       OK ] ChatServiceCreateExistentChatTest.createExistentChat (0 ms)
[----------] 1 test from ChatServiceCreateExistentChatTest (0 ms total)

[----------] 1 test from ChatServiceGetChatTest
[ RUN      ] ChatServiceGetChatTest.getChatTest
[       OK ] ChatServiceGetChatTest.getChatTest (0 ms)
[----------] 1 test from ChatServiceGetChatTest (0 ms total)

[----------] 1 test from ChatServiceGetNonexistentChatTest
[ RUN      ] ChatServiceGetNonexistentChatTest.updateLastMessageNonexistentChat
[       OK ] ChatServiceGetNonexistentChatTest.updateLastMessageNonexistentChat (0 ms)
[----------] 1 test from ChatServiceGetNonexistentChatTest (0 ms total)

[----------] Global test environment tear-down
[==========] 12 tests from 12 test cases ran. (13 ms total)
[  PASSED  ] 12 tests.
<end of output>
Test time =   0.24 sec
----------------------------------------------------------
Test Passed.
"mockChatServiceTest" end time: Jun 24 22:00 ART
"mockChatServiceTest" time elapsed: 00:00:00
----------------------------------------------------------

4/11 Testing: mockABMUsersServiceTest
4/11 Test: mockABMUsersServiceTest
Command: "/home/agustin/git/serverapp/AppServer/cmake/mockABMUsersServiceTest"
Directory: /home/agustin/git/serverapp/AppServer/cmake
"mockABMUsersServiceTest" start time: Jun 24 22:00 ART
Output:
----------------------------------------------------------
INFO - Iniciando Tests
[==========] Running 17 tests from 17 test cases.
[----------] Global test environment set-up.
[----------] 1 test from AbmUserServiceCreateUser
[ RUN      ] AbmUserServiceCreateUser.createUserTest
INFO - El usuario con email juan@gmail.com no esta registrado. Se continua con la registración.

GMOCK WARNING:
Uninteresting mock function call - returning directly.
    Function call: put("stats", 0x1d52980)
NOTE: You can safely ignore the above warning unless this call should not happen.  Do not suppress it by blindly adding an EXPECT_CALL() if you don't mean to enforce the call.  See https://github.com/google/googletest/blob/master/googlemock/docs/CookBook.md#knowing-when-to-expect for details.
[       OK ] AbmUserServiceCreateUser.createUserTest (2 ms)
[----------] 1 test from AbmUserServiceCreateUser (2 ms total)

[----------] 1 test from AbmUserServiceCreateUserInvalid
[ RUN      ] AbmUserServiceCreateUserInvalid.createUserInvalidTest
INFO - El usuario con email juan@gmail.com no esta registrado. Se continua con la registración.
ERROR - El usuario juan con email juan@gmail.com no se pudo crear.
[       OK ] AbmUserServiceCreateUserInvalid.createUserInvalidTest (2 ms)
[----------] 1 test from AbmUserServiceCreateUserInvalid (2 ms total)

[----------] 1 test from AbmUserServiceCreateUserExists
[ RUN      ] AbmUserServiceCreateUserExists.createUserExistsTest
ERROR - El usuario juan con email juan@gmail.com no se puede crear porque ya existe.
[       OK ] AbmUserServiceCreateUserExists.createUserExistsTest (0 ms)
[----------] 1 test from AbmUserServiceCreateUserExists (0 ms total)

[----------] 1 test from AbmUserServiceCreateUserRemoteError
[ RUN      ] AbmUserServiceCreateUserRemoteError.createUserRemoteErrorTest
INFO - El usuario con email juan@gmail.com no esta registrado. Se continua con la registración.
ERROR - El usuario juan con email juan@gmail.com no se puede crear porque falló el post.
[       OK ] AbmUserServiceCreateUserRemoteError.createUserRemoteErrorTest (0 ms)
[----------] 1 test from AbmUserServiceCreateUserRemoteError (0 ms total)

[----------] 1 test from AbmUserServiceModifyUser
[ RUN      ] AbmUserServiceModifyUser.modifyUserTest
[       OK ] AbmUserServiceModifyUser.modifyUserTest (0 ms)
[----------] 1 test from AbmUserServiceModifyUser (0 ms total)

[----------] 1 test from AbmUserServiceModifyUserInvalid
[ RUN      ] AbmUserServiceModifyUserInvalid.modifyUserInvalidTest
ERROR - El usuario juan con id 1 no se pudo actualizar.
[       OK ] AbmUserServiceModifyUserInvalid.modifyUserInvalidTest (0 ms)
[----------] 1 test from AbmUserServiceModifyUserInvalid (1 ms total)

[----------] 1 test from AbmUserServiceModifyUserExists
[ RUN      ] AbmUserServiceModifyUserExists.modifyUserExistsTest
ERROR - El usuario juan con email juan@gmail.com no se encuentra.
[       OK ] AbmUserServiceModifyUserExists.modifyUserExistsTest (0 ms)
[----------] 1 test from AbmUserServiceModifyUserExists (0 ms total)

[----------] 1 test from AbmUserServiceModifyUserRemoteError
[ RUN      ] AbmUserServiceModifyUserRemoteError.modifyUserRemoteErrorTest
ERROR - Error en comunicacion con shared service.
[       OK ] AbmUserServiceModifyUserRemoteError.modifyUserRemoteErrorTest (0 ms)
[----------] 1 test from AbmUserServiceModifyUserRemoteError (0 ms total)

[----------] 1 test from AbmUserServiceGetInterestsTest
[ RUN      ] AbmUserServiceGetInterestsTest.getInterestsTest
[       OK ] AbmUserServiceGetInterestsTest.getInterestsTest (0 ms)
[----------] 1 test from AbmUserServiceGetInterestsTest (0 ms total)

[----------] 1 test from AbmUserServiceGetInterestsRemoteError
[ RUN      ] AbmUserServiceGetInterestsRemoteError.getInterestsRemoteErrorTest
ERROR - el shared server retorno error
[       OK ] AbmUserServiceGetInterestsRemoteError.getInterestsRemoteErrorTest (0 ms)
[----------] 1 test from AbmUserServiceGetInterestsRemoteError (0 ms total)

[----------] 1 test from AbmUserServiceGetInterestsInvalidJson
[ RUN      ] AbmUserServiceGetInterestsInvalidJson.getInterestsInvalidJsonTest
ERROR - error parseando json
[       OK ] AbmUserServiceGetInterestsInvalidJson.getInterestsInvalidJsonTest (0 ms)
[----------] 1 test from AbmUserServiceGetInterestsInvalidJson (4 ms total)

[----------] 1 test from AbmUserGetPhotoTest
[ RUN      ] AbmUserGetPhotoTest.abmUserGetPhotoTest
[       OK ] AbmUserGetPhotoTest.abmUserGetPhotoTest (0 ms)
[----------] 1 test from AbmUserGetPhotoTest (0 ms total)

[----------] 1 test from AbmUserGetPhotoRemoteErrorTest
[ RUN      ] AbmUserGetPhotoRemoteErrorTest.abmUserGetPhotoRemoteErrorTest
ERROR - el shared server retorno error
[       OK ] AbmUserGetPhotoRemoteErrorTest.abmUserGetPhotoRemoteErrorTest (0 ms)
[----------] 1 test from AbmUserGetPhotoRemoteErrorTest (0 ms total)

[----------] 1 test from AbmUserGetPhotoNotFoundTest
[ RUN      ] AbmUserGetPhotoNotFoundTest.abmUserGetPhotoNotFoundTest
ERROR - No se encuentra el usuario con id 1
[       OK ] AbmUserGetPhotoNotFoundTest.abmUserGetPhotoNotFoundTest (1 ms)
[----------] 1 test from AbmUserGetPhotoNotFoundTest (1 ms total)

[----------] 1 test from AbmUserUpdateTokenTest
[ RUN      ] AbmUserUpdateTokenTest.abmUserUpdateTokenTest
[       OK ] AbmUserUpdateTokenTest.abmUserUpdateTokenTest (0 ms)
[----------] 1 test from AbmUserUpdateTokenTest (0 ms total)

[----------] 1 test from AbmUserUpdateTokenInvalidUserErrorTest
[ RUN      ] AbmUserUpdateTokenInvalidUserErrorTest.abmUserUpdateTokenInvalidUserErrorTest
ERROR - El usuario Agustin con email alinari@gmail.com no pudo actualizar su token.
[       OK ] AbmUserUpdateTokenInvalidUserErrorTest.abmUserUpdateTokenInvalidUserErrorTest (0 ms)
[----------] 1 test from AbmUserUpdateTokenInvalidUserErrorTest (0 ms total)

[----------] 1 test from AbmUserUpdateTokenNotFoundTest
[ RUN      ] AbmUserUpdateTokenNotFoundTest.abmUserUpdateTokenNotFoundTest
ERROR - El usuario Agustin con email alinari@gmail.com no se encuentra.
[       OK ] AbmUserUpdateTokenNotFoundTest.abmUserUpdateTokenNotFoundTest (0 ms)
[----------] 1 test from AbmUserUpdateTokenNotFoundTest (0 ms total)

[----------] Global test environment tear-down
[==========] 17 tests from 17 test cases ran. (11 ms total)
[  PASSED  ] 17 tests.
<end of output>
Test time =   0.19 sec
----------------------------------------------------------
Test Passed.
"mockABMUsersServiceTest" end time: Jun 24 22:00 ART
"mockABMUsersServiceTest" time elapsed: 00:00:00
----------------------------------------------------------

5/11 Testing: mockSharedServiceTest
5/11 Test: mockSharedServiceTest
Command: "/home/agustin/git/serverapp/AppServer/cmake/mockSharedServiceTest"
Directory: /home/agustin/git/serverapp/AppServer/cmake
"mockSharedServiceTest" start time: Jun 24 22:00 ART
Output:
----------------------------------------------------------
INFO - Iniciando Tests
[==========] Running 22 tests from 22 test cases.
[----------] Global test environment set-up.
[----------] 1 test from SharedServiceGetUserTest
[ RUN      ] SharedServiceGetUserTest.getUserTest
DEBUG - Response code 200
[       OK ] SharedServiceGetUserTest.getUserTest (1 ms)
[----------] 1 test from SharedServiceGetUserTest (1 ms total)

[----------] 1 test from SharedServiceGetUser404Test
[ RUN      ] SharedServiceGetUser404Test.getUser404Test
DEBUG - Response code 404
ERROR - El usuario no se encuentra
[       OK ] SharedServiceGetUser404Test.getUser404Test (0 ms)
[----------] 1 test from SharedServiceGetUser404Test (0 ms total)

[----------] 1 test from SharedServiceGetUserErrorTest
[ RUN      ] SharedServiceGetUserErrorTest.getUserErrorTest
DEBUG - Response code 500
ERROR - El shared server retorno error
[       OK ] SharedServiceGetUserErrorTest.getUserErrorTest (0 ms)
[----------] 1 test from SharedServiceGetUserErrorTest (0 ms total)

[----------] 1 test from SharedServiceCreateInterestTest
[ RUN      ] SharedServiceCreateInterestTest.createInterestTest
DEBUG - Response code 200
[       OK ] SharedServiceCreateInterestTest.createInterestTest (0 ms)
[----------] 1 test from SharedServiceCreateInterestTest (0 ms total)

[----------] 1 test from SharedServiceCreateInterest400Test
[ RUN      ] SharedServiceCreateInterest400Test.createInterest400Test
DEBUG - Response code 400
WARN - El interes ya se encuentra registrado en el shared
[       OK ] SharedServiceCreateInterest400Test.createInterest400Test (0 ms)
[----------] 1 test from SharedServiceCreateInterest400Test (0 ms total)

[----------] 1 test from SharedServiceCreateInterestErrorTest
[ RUN      ] SharedServiceCreateInterestErrorTest.createInterestErrorTest
DEBUG - Response code 500
ERROR - El shared server retorno error
[       OK ] SharedServiceCreateInterestErrorTest.createInterestErrorTest (0 ms)
[----------] 1 test from SharedServiceCreateInterestErrorTest (0 ms total)

[----------] 1 test from SharedServiceGetInterestsTest
[ RUN      ] SharedServiceGetInterestsTest.getInterestsTest
DEBUG - Response code 200
[       OK ] SharedServiceGetInterestsTest.getInterestsTest (0 ms)
[----------] 1 test from SharedServiceGetInterestsTest (0 ms total)

[----------] 1 test from SharedServiceGetInterestsErrorTest
[ RUN      ] SharedServiceGetInterestsErrorTest.createGetInterestsErrorTest
DEBUG - Response code 500
ERROR - El shared server retorno error
[       OK ] SharedServiceGetInterestsErrorTest.createGetInterestsErrorTest (0 ms)
[----------] 1 test from SharedServiceGetInterestsErrorTest (0 ms total)

[----------] 1 test from SharedServiceGetUsersTest
[ RUN      ] SharedServiceGetUsersTest.getUsersTest
DEBUG - Response code 200
[       OK ] SharedServiceGetUsersTest.getUsersTest (1 ms)
[----------] 1 test from SharedServiceGetUsersTest (10 ms total)

[----------] 1 test from SharedServiceGetUsersErrorTest
[ RUN      ] SharedServiceGetUsersErrorTest.createGetUsersErrorTest
DEBUG - Response code 500
ERROR - El shared server retorno error
[       OK ] SharedServiceGetUsersErrorTest.createGetUsersErrorTest (0 ms)
[----------] 1 test from SharedServiceGetUsersErrorTest (0 ms total)

[----------] 1 test from SharedServiceGetPhotoTest
[ RUN      ] SharedServiceGetPhotoTest.getPhotoTest
DEBUG - Response code 200
[       OK ] SharedServiceGetPhotoTest.getPhotoTest (0 ms)
[----------] 1 test from SharedServiceGetPhotoTest (0 ms total)

[----------] 1 test from SharedServiceGetPhoto404Test
[ RUN      ] SharedServiceGetPhoto404Test.getPhoto404Test
DEBUG - Response code 404
ERROR - El usuario no se encuentra
[       OK ] SharedServiceGetPhoto404Test.getPhoto404Test (0 ms)
[----------] 1 test from SharedServiceGetPhoto404Test (0 ms total)

[----------] 1 test from SharedServiceGetPhotoErrorTest
[ RUN      ] SharedServiceGetPhotoErrorTest.getPhotoErrorTest
DEBUG - Response code 500
ERROR - El shared server retorno error
[       OK ] SharedServiceGetPhotoErrorTest.getPhotoErrorTest (0 ms)
[----------] 1 test from SharedServiceGetPhotoErrorTest (0 ms total)

[----------] 1 test from SharedServiceCreateUserTest
[ RUN      ] SharedServiceCreateUserTest.createUserTest
INFO - JSON CREATE USER: {"user":{"age":"","alias":"","email":"","interests":[],"location":{"latitude":"0","longitude":"0"},"name":"alinari","photo":"","sex":""}}

DEBUG - Response code 200
[       OK ] SharedServiceCreateUserTest.createUserTest (1 ms)
[----------] 1 test from SharedServiceCreateUserTest (1 ms total)

[----------] 1 test from SharedServiceCreateUser400Test
[ RUN      ] SharedServiceCreateUser400Test.createUser400Test
INFO - JSON CREATE USER: {"user":{"age":"","alias":"","email":"","interests":[],"location":{"latitude":"0","longitude":"0"},"name":"alinari","photo":"","sex":""}}

DEBUG - Response code 400
WARN - El usuario ya se encuentra registrado en el shared
[       OK ] SharedServiceCreateUser400Test.createUser400Test (0 ms)
[----------] 1 test from SharedServiceCreateUser400Test (0 ms total)

[----------] 1 test from SharedServiceCreateUserErrorTest
[ RUN      ] SharedServiceCreateUserErrorTest.createUserErrorTest
INFO - JSON CREATE USER: {"user":{"age":"","alias":"","email":"","interests":[],"location":{"latitude":"0","longitude":"0"},"name":"alinari","photo":"","sex":""}}

DEBUG - Response code 500
ERROR - El shared server retorno error
[       OK ] SharedServiceCreateUserErrorTest.createUserErrorTest (0 ms)
[----------] 1 test from SharedServiceCreateUserErrorTest (0 ms total)

[----------] 1 test from SharedServiceUpdateUserTest
[ RUN      ] SharedServiceUpdateUserTest.updateUserTest
DEBUG - Response code 200
[       OK ] SharedServiceUpdateUserTest.updateUserTest (0 ms)
[----------] 1 test from SharedServiceUpdateUserTest (0 ms total)

[----------] 1 test from SharedServiceUpdateUser404Test
[ RUN      ] SharedServiceUpdateUser404Test.updateUser404Test
DEBUG - Response code 404
WARN - El usuario o interes no se encuentra registrado en el shared
[       OK ] SharedServiceUpdateUser404Test.updateUser404Test (1 ms)
[----------] 1 test from SharedServiceUpdateUser404Test (1 ms total)

[----------] 1 test from SharedServiceUpdateUserErrorTest
[ RUN      ] SharedServiceUpdateUserErrorTest.updateUserErrorTest
DEBUG - Response code 500
ERROR - El shared server retorno error
[       OK ] SharedServiceUpdateUserErrorTest.updateUserErrorTest (0 ms)
[----------] 1 test from SharedServiceUpdateUserErrorTest (0 ms total)

[----------] 1 test from SharedServiceDeleteUserTest
[ RUN      ] SharedServiceDeleteUserTest.deleteUserTest
DEBUG - Response code 200
[       OK ] SharedServiceDeleteUserTest.deleteUserTest (0 ms)
[----------] 1 test from SharedServiceDeleteUserTest (0 ms total)

[----------] 1 test from SharedServiceDeleteUser404Test
[ RUN      ] SharedServiceDeleteUser404Test.deleteUser404Test
DEBUG - Response code 404
ERROR - El usuario no se encuentra
[       OK ] SharedServiceDeleteUser404Test.deleteUser404Test (0 ms)
[----------] 1 test from SharedServiceDeleteUser404Test (0 ms total)

[----------] 1 test from SharedServiceDeleteUserErrorTest
[ RUN      ] SharedServiceDeleteUserErrorTest.deleteUserErrorTest
DEBUG - Response code 500
ERROR - El shared server retorno error
[       OK ] SharedServiceDeleteUserErrorTest.deleteUserErrorTest (0 ms)
[----------] 1 test from SharedServiceDeleteUserErrorTest (0 ms total)

[----------] Global test environment tear-down
[==========] 22 tests from 22 test cases ran. (14 ms total)
[  PASSED  ] 22 tests.
<end of output>
Test time =   0.17 sec
----------------------------------------------------------
Test Passed.
"mockSharedServiceTest" end time: Jun 24 22:00 ART
"mockSharedServiceTest" time elapsed: 00:00:00
----------------------------------------------------------

6/11 Testing: mockSearchCtrlTest
6/11 Test: mockSearchCtrlTest
Command: "/home/agustin/git/serverapp/AppServer/cmake/mockSearchCtrlTest"
Directory: /home/agustin/git/serverapp/AppServer/cmake
"mockSearchCtrlTest" start time: Jun 24 22:00 ART
Output:
----------------------------------------------------------
INFO - Iniciando Tests
[==========] Running 4 tests from 4 test cases.
[----------] Global test environment set-up.
[----------] 1 test from SearchCtrlTest
[ RUN      ] SearchCtrlTest.searchCtrlTest
DEBUG - Se buscan candidatos para el usuario 10
[       OK ] SearchCtrlTest.searchCtrlTest (1 ms)
[----------] 1 test from SearchCtrlTest (1 ms total)

[----------] 1 test from SearchCtrlInvalidQueryStringTest
[ RUN      ] SearchCtrlInvalidQueryStringTest.searchCtrlInvalidQueryStringTest
[       OK ] SearchCtrlInvalidQueryStringTest.searchCtrlInvalidQueryStringTest (0 ms)
[----------] 1 test from SearchCtrlInvalidQueryStringTest (0 ms total)

[----------] 1 test from SearchCtrlDailyLimitTest
[ RUN      ] SearchCtrlDailyLimitTest.searchCtrlDailyLimitTest
DEBUG - Se buscan candidatos para el usuario 10
ERROR - se excedio el limite diario de busquedas de candidatos
[       OK ] SearchCtrlDailyLimitTest.searchCtrlDailyLimitTest (0 ms)
[----------] 1 test from SearchCtrlDailyLimitTest (0 ms total)

[----------] 1 test from SearchCtrlUserNotFoundTest
[ RUN      ] SearchCtrlUserNotFoundTest.searchCtrlUserNotFoundTest
DEBUG - Se buscan candidatos para el usuario 11
ERROR - No se encuentra la entidad
[       OK ] SearchCtrlUserNotFoundTest.searchCtrlUserNotFoundTest (0 ms)
[----------] 1 test from SearchCtrlUserNotFoundTest (0 ms total)

[----------] Global test environment tear-down
[==========] 4 tests from 4 test cases ran. (5 ms total)
[  PASSED  ] 4 tests.
<end of output>
Test time =   0.27 sec
----------------------------------------------------------
Test Passed.
"mockSearchCtrlTest" end time: Jun 24 22:00 ART
"mockSearchCtrlTest" time elapsed: 00:00:00
----------------------------------------------------------

7/11 Testing: mockChatCtrlTest
7/11 Test: mockChatCtrlTest
Command: "/home/agustin/git/serverapp/AppServer/cmake/mockChatCtrlTest"
Directory: /home/agustin/git/serverapp/AppServer/cmake
"mockChatCtrlTest" start time: Jun 24 22:00 ART
Output:
----------------------------------------------------------
INFO - Iniciando Tests
[==========] Running 12 tests from 12 test cases.
[----------] Global test environment set-up.
[----------] 1 test from ChatCtrlGetAllMessagesTest
[ RUN      ] ChatCtrlGetAllMessagesTest.chatCtrlGetAllMessagesTest
INFO - se obtiene la conversacion entre 10 y 11
[       OK ] ChatCtrlGetAllMessagesTest.chatCtrlGetAllMessagesTest (0 ms)
[----------] 1 test from ChatCtrlGetAllMessagesTest (0 ms total)

[----------] 1 test from ChatCtrlGetAllMessagesInvalidQueryStringTest
[ RUN      ] ChatCtrlGetAllMessagesInvalidQueryStringTest.chatCtrlGetAllMessagesInvalidQueryStringTest
[       OK ] ChatCtrlGetAllMessagesInvalidQueryStringTest.chatCtrlGetAllMessagesInvalidQueryStringTest (1 ms)
[----------] 1 test from ChatCtrlGetAllMessagesInvalidQueryStringTest (1 ms total)

[----------] 1 test from ChatCtrlGetAllMessagesUserNotFoundTest
[ RUN      ] ChatCtrlGetAllMessagesUserNotFoundTest.chatCtrlGetAllMessagesUserNotFoundTest
ERROR - No se encuentra la entidad
[       OK ] ChatCtrlGetAllMessagesUserNotFoundTest.chatCtrlGetAllMessagesUserNotFoundTest (0 ms)
[----------] 1 test from ChatCtrlGetAllMessagesUserNotFoundTest (0 ms total)

[----------] 1 test from ChatCtrlGetNewMessagesTest
[ RUN      ] ChatCtrlGetNewMessagesTest.chatCtrlGetNewMessagesTest
INFO - se obtiene los nuevos mensajes para 10 de 11
[       OK ] ChatCtrlGetNewMessagesTest.chatCtrlGetNewMessagesTest (0 ms)
[----------] 1 test from ChatCtrlGetNewMessagesTest (0 ms total)

[----------] 1 test from ChatCtrlGetNewMessagesInvalidQueryStringTest
[ RUN      ] ChatCtrlGetNewMessagesInvalidQueryStringTest.chatCtrlGetNewMessagesInvalidQueryStringTest
[       OK ] ChatCtrlGetNewMessagesInvalidQueryStringTest.chatCtrlGetNewMessagesInvalidQueryStringTest (0 ms)
[----------] 1 test from ChatCtrlGetNewMessagesInvalidQueryStringTest (0 ms total)

[----------] 1 test from ChatCtrlGetNewMessagesUserNotFoundTest
[ RUN      ] ChatCtrlGetNewMessagesUserNotFoundTest.chatCtrlGetNewMessagesUserNotFoundTest
ERROR - No se encuentra la entidad
[       OK ] ChatCtrlGetNewMessagesUserNotFoundTest.chatCtrlGetNewMessagesUserNotFoundTest (0 ms)
[----------] 1 test from ChatCtrlGetNewMessagesUserNotFoundTest (0 ms total)

[----------] 1 test from ChatCtrlAddNewMessagesTest
[ RUN      ] ChatCtrlAddNewMessagesTest.chatCtrlAddNewMessagesTest
DEBUG - Se intenta postear un mensaje del usuario 11 a 10
INFO - se agrega el mensaje de 11 a la conversacion con 10
[       OK ] ChatCtrlAddNewMessagesTest.chatCtrlAddNewMessagesTest (1 ms)
[----------] 1 test from ChatCtrlAddNewMessagesTest (1 ms total)

[----------] 1 test from ChatCtrlAddNewMessagesInvalidJsonTest
[ RUN      ] ChatCtrlAddNewMessagesInvalidJsonTest.chatCtrlAddNewMessagesInvalidJsonTest
ERROR - error parseando json
[       OK ] ChatCtrlAddNewMessagesInvalidJsonTest.chatCtrlAddNewMessagesInvalidJsonTest (0 ms)
[----------] 1 test from ChatCtrlAddNewMessagesInvalidJsonTest (0 ms total)

[----------] 1 test from ChatCtrlAddNewMessagesUserNotFoundTest
[ RUN      ] ChatCtrlAddNewMessagesUserNotFoundTest.chatCtrlAddNewMessagesUserNotFoundTest
DEBUG - Se intenta postear un mensaje del usuario 11 a 10
ERROR - No se encuentra la entidad
[       OK ] ChatCtrlAddNewMessagesUserNotFoundTest.chatCtrlAddNewMessagesUserNotFoundTest (0 ms)
[----------] 1 test from ChatCtrlAddNewMessagesUserNotFoundTest (0 ms total)

[----------] 1 test from ChatCtrlUpdateLastMessageTest
[ RUN      ] ChatCtrlUpdateLastMessageTest.chatCtrlUpdateLastMessagesTest
DEBUG - Se intenta actualizar el ultimo mensaje de 11 visto por usuario 10
INFO - se actualiza el ultimo mensaje visto por 10 de11
[       OK ] ChatCtrlUpdateLastMessageTest.chatCtrlUpdateLastMessagesTest (0 ms)
[----------] 1 test from ChatCtrlUpdateLastMessageTest (0 ms total)

[----------] 1 test from ChatCtrlUpdateLastInvalidJsonTest
[ RUN      ] ChatCtrlUpdateLastInvalidJsonTest.chatCtrlUpdateLastInvalidJsonTest
[       OK ] ChatCtrlUpdateLastInvalidJsonTest.chatCtrlUpdateLastInvalidJsonTest (0 ms)
[----------] 1 test from ChatCtrlUpdateLastInvalidJsonTest (0 ms total)

[----------] 1 test from ChatCtrlUpdateLastUserNotFoundTest
[ RUN      ] ChatCtrlUpdateLastUserNotFoundTest.chatCtrlUpdateLastUserNotFoundTest
DEBUG - Se intenta actualizar el ultimo mensaje de 11 visto por usuario 10
ERROR - No se encuentra la entidad
[       OK ] ChatCtrlUpdateLastUserNotFoundTest.chatCtrlUpdateLastUserNotFoundTest (0 ms)
[----------] 1 test from ChatCtrlUpdateLastUserNotFoundTest (0 ms total)

[----------] Global test environment tear-down
[==========] 12 tests from 12 test cases ran. (4 ms total)
[  PASSED  ] 12 tests.
<end of output>
Test time =   0.13 sec
----------------------------------------------------------
Test Passed.
"mockChatCtrlTest" end time: Jun 24 22:00 ART
"mockChatCtrlTest" time elapsed: 00:00:00
----------------------------------------------------------

8/11 Testing: mockMatchCtrlTest
8/11 Test: mockMatchCtrlTest
Command: "/home/agustin/git/serverapp/AppServer/cmake/mockMatchCtrlTest"
Directory: /home/agustin/git/serverapp/AppServer/cmake
"mockMatchCtrlTest" start time: Jun 24 22:00 ART
Output:
----------------------------------------------------------
INFO - Iniciando Tests
[==========] Running 19 tests from 19 test cases.
[----------] Global test environment set-up.
[----------] 1 test from MatchCtrlGetMatchesTest
[ RUN      ] MatchCtrlGetMatchesTest.matchCtrlGetMatchesTest
DEBUG - Se obtienen los nuevos matches del usuario 10
[       OK ] MatchCtrlGetMatchesTest.matchCtrlGetMatchesTest (0 ms)
[----------] 1 test from MatchCtrlGetMatchesTest (0 ms total)

[----------] 1 test from MatchCtrlGetMatchesInvalidQueryStringTest
[ RUN      ] MatchCtrlGetMatchesInvalidQueryStringTest.matchCtrlGetMatchesInvalidQueryStringTest
[       OK ] MatchCtrlGetMatchesInvalidQueryStringTest.matchCtrlGetMatchesInvalidQueryStringTest (0 ms)
[----------] 1 test from MatchCtrlGetMatchesInvalidQueryStringTest (0 ms total)

[----------] 1 test from MatchCtrlGetMatchesUserNotFoundTest
[ RUN      ] MatchCtrlGetMatchesUserNotFoundTest.matchCtrlGetMatchesUserNotFoundTest
DEBUG - Se obtienen los nuevos matches del usuario 10
ERROR - No se encuentra la entidad
[       OK ] MatchCtrlGetMatchesUserNotFoundTest.matchCtrlGetMatchesUserNotFoundTest (1 ms)
[----------] 1 test from MatchCtrlGetMatchesUserNotFoundTest (1 ms total)

[----------] 1 test from MatchCtrlYesTest
[ RUN      ] MatchCtrlYesTest.matchCtrlYesTest
DEBUG - Se intenta agregar el usuario 11 a la lista de aceptados de 10
INFO - se agrega el usuario 11 a la lista de aceptados de 10
[       OK ] MatchCtrlYesTest.matchCtrlYesTest (0 ms)
[----------] 1 test from MatchCtrlYesTest (0 ms total)

[----------] 1 test from MatchCtrlYesMatchedTest
[ RUN      ] MatchCtrlYesMatchedTest.matchCtrlYesMatchedTest
DEBUG - Se intenta agregar el usuario 11 a la lista de aceptados de 10
INFO - se produzco un match entre 10 y 11
[       OK ] MatchCtrlYesMatchedTest.matchCtrlYesMatchedTest (0 ms)
[----------] 1 test from MatchCtrlYesMatchedTest (0 ms total)

[----------] 1 test from MatchCtrlYesInvalidJsonTest
[ RUN      ] MatchCtrlYesInvalidJsonTest.matchCtrlYesInvalidJsonTest
[       OK ] MatchCtrlYesInvalidJsonTest.matchCtrlYesInvalidJsonTest (0 ms)
[----------] 1 test from MatchCtrlYesInvalidJsonTest (0 ms total)

[----------] 1 test from MatchCtrlYesUserNotFoundTest
[ RUN      ] MatchCtrlYesUserNotFoundTest.matchCtrlYesUserNotFoundTest
DEBUG - Se intenta agregar el usuario 11 a la lista de aceptados de 10
ERROR - No se encuentra la entidad
[       OK ] MatchCtrlYesUserNotFoundTest.matchCtrlYesUserNotFoundTest (0 ms)
[----------] 1 test from MatchCtrlYesUserNotFoundTest (0 ms total)

[----------] 1 test from MatchCtrlYesIllegalTest
[ RUN      ] MatchCtrlYesIllegalTest.matchCtrlYesIllegalTest
DEBUG - Se intenta agregar el usuario 11 a la lista de aceptados de 10
ERROR - La entidad ya existe
[       OK ] MatchCtrlYesIllegalTest.matchCtrlYesIllegalTest (0 ms)
[----------] 1 test from MatchCtrlYesIllegalTest (0 ms total)

[----------] 1 test from MatchCtrlNoTest
[ RUN      ] MatchCtrlNoTest.matchCtrlNoTest
DEBUG - Se intenta agregar el usuario 11 a la lista de rechazados de 10
INFO - se agrega el usuario 11 a la lista de rechazados de 10
[       OK ] MatchCtrlNoTest.matchCtrlNoTest (0 ms)
[----------] 1 test from MatchCtrlNoTest (0 ms total)

[----------] 1 test from MatchCtrlNoInvalidJsonTest
[ RUN      ] MatchCtrlNoInvalidJsonTest.matchCtrlNoInvalidJsonTest
[       OK ] MatchCtrlNoInvalidJsonTest.matchCtrlNoInvalidJsonTest (0 ms)
[----------] 1 test from MatchCtrlNoInvalidJsonTest (0 ms total)

[----------] 1 test from MatchCtrlNoUserNotFoundTest
[ RUN      ] MatchCtrlNoUserNotFoundTest.matchCtrlNoUserNotFoundTest
DEBUG - Se intenta agregar el usuario 11 a la lista de rechazados de 10
ERROR - No se encuentra la entidad
[       OK ] MatchCtrlNoUserNotFoundTest.matchCtrlNoUserNotFoundTest (0 ms)
[----------] 1 test from MatchCtrlNoUserNotFoundTest (0 ms total)

[----------] 1 test from MatchCtrlNoIllegalTest
[ RUN      ] MatchCtrlNoIllegalTest.matchCtrlNoIllegalTest
DEBUG - Se intenta agregar el usuario 11 a la lista de rechazados de 10
ERROR - La entidad ya existe
[       OK ] MatchCtrlNoIllegalTest.matchCtrlNoIllegalTest (0 ms)
[----------] 1 test from MatchCtrlNoIllegalTest (0 ms total)

[----------] 1 test from MatchCtrlConfirmTest
[ RUN      ] MatchCtrlConfirmTest.matchCtrlConfirmTest
DEBUG - Se intenta agregar el usuario 11 a la lista de confirmados de 10
INFO - se agrega el usuario 11 a la lista de confirmados de 10
[       OK ] MatchCtrlConfirmTest.matchCtrlConfirmTest (0 ms)
[----------] 1 test from MatchCtrlConfirmTest (0 ms total)

[----------] 1 test from MatchCtrlConfirmInvalidJsonTest
[ RUN      ] MatchCtrlConfirmInvalidJsonTest.matchCtrlConfirmInvalidJsonTest
ERROR - error parseando json
[       OK ] MatchCtrlConfirmInvalidJsonTest.matchCtrlConfirmInvalidJsonTest (0 ms)
[----------] 1 test from MatchCtrlConfirmInvalidJsonTest (0 ms total)

[----------] 1 test from MatchCtrlConfirmUserNotFoundTest
[ RUN      ] MatchCtrlConfirmUserNotFoundTest.matchCtrlConfirmUserNotFoundTest
DEBUG - Se intenta agregar el usuario 11 a la lista de confirmados de 10
ERROR - No se encuentra la entidad
[       OK ] MatchCtrlConfirmUserNotFoundTest.matchCtrlConfirmUserNotFoundTest (0 ms)
[----------] 1 test from MatchCtrlConfirmUserNotFoundTest (0 ms total)

[----------] 1 test from MatchCtrlConfirmIllegalTest
[ RUN      ] MatchCtrlConfirmIllegalTest.matchCtrlConfirmIllegalTest
DEBUG - Se intenta agregar el usuario 11 a la lista de confirmados de 10
ERROR - La entidad ya existe
[       OK ] MatchCtrlConfirmIllegalTest.matchCtrlConfirmIllegalTest (0 ms)
[----------] 1 test from MatchCtrlConfirmIllegalTest (5 ms total)

[----------] 1 test from MatchCtrlGetChatsTest
[ RUN      ] MatchCtrlGetChatsTest.matchCtrlGetChatsTest
DEBUG - Se obtienen los chats del usuario 10
[       OK ] MatchCtrlGetChatsTest.matchCtrlGetChatsTest (0 ms)
[----------] 1 test from MatchCtrlGetChatsTest (1 ms total)

[----------] 1 test from MatchCtrlGetChatsInvalidQueryStringTest
[ RUN      ] MatchCtrlGetChatsInvalidQueryStringTest.matchCtrlGetChatsInvalidQueryStringTest
[       OK ] MatchCtrlGetChatsInvalidQueryStringTest.matchCtrlGetChatsInvalidQueryStringTest (0 ms)
[----------] 1 test from MatchCtrlGetChatsInvalidQueryStringTest (0 ms total)

[----------] 1 test from MatchCtrlGetChatsUserNotFoundTest
[ RUN      ] MatchCtrlGetChatsUserNotFoundTest.matchCtrlGetChatsUserNotFoundTest
DEBUG - Se obtienen los chats del usuario 10
ERROR - No se encuentra la entidad
[       OK ] MatchCtrlGetChatsUserNotFoundTest.matchCtrlGetChatsUserNotFoundTest (0 ms)
[----------] 1 test from MatchCtrlGetChatsUserNotFoundTest (0 ms total)

[----------] Global test environment tear-down
[==========] 19 tests from 19 test cases ran. (9 ms total)
[  PASSED  ] 19 tests.
<end of output>
Test time =   0.16 sec
----------------------------------------------------------
Test Passed.
"mockMatchCtrlTest" end time: Jun 24 22:00 ART
"mockMatchCtrlTest" time elapsed: 00:00:00
----------------------------------------------------------

9/11 Testing: mockAuthCtrlTest
9/11 Test: mockAuthCtrlTest
Command: "/home/agustin/git/serverapp/AppServer/cmake/mockAuthCtrlTest"
Directory: /home/agustin/git/serverapp/AppServer/cmake
"mockAuthCtrlTest" start time: Jun 24 22:00 ART
Output:
----------------------------------------------------------
INFO - Iniciando Tests
[==========] Running 4 tests from 4 test cases.
[----------] Global test environment set-up.
[----------] 1 test from AuthCtrlTest
[ RUN      ] AuthCtrlTest.authCtrlTest
DEBUG - JSon Ingresado: {"user":{"name":"Agustin" , "email":"alinari@gmail.com", "password":"1234"} }
DEBUG - INTENTO LOGUEO
DEBUG - USUARIO LOGUEADO DE ID: 
DEBUG - EMAIL DEL USUARIO A LOGUEAR: alinari@gmail.com
DEBUG - EMAIL PARA EL PAYLOAD: alinari@gmail.com 0x247ca40
DEBUG - TIMESTAMP: 1466816433 0x247ca40
DEBUG - EXPIRE: 1800 0x247ca40
DEBUG - TOKEN GENERADO 0x247ca40
DEBUG - TOKEN: eyJ0eXAiOiJKV1QiLCJhbGciOiJIUzI1NiJ9.eyJlbWFpbCI6ImFsaW5hcmlAZ21haWwuY29tIiwiZXhwaXJlIjoiMTgwMCIsInRpbWVzdGFtcCI6IjE0NjY4MTY0MzMifQ.YVClpsaH6QmJpoFLYVtbs0x2QUsBp6xAh9zyj1jCcFE
[       OK ] AuthCtrlTest.authCtrlTest (0 ms)
[----------] 1 test from AuthCtrlTest (0 ms total)

[----------] 1 test from AuthCtrlUserNotFoundTest
[ RUN      ] AuthCtrlUserNotFoundTest.authCtrlUserNotFoundTest
DEBUG - JSon Ingresado: {"user":{"name":"Agustin" , "email":"alinari@gmail.com", "password":"1234"} }
DEBUG - INTENTO LOGUEO
[       OK ] AuthCtrlUserNotFoundTest.authCtrlUserNotFoundTest (0 ms)
[----------] 1 test from AuthCtrlUserNotFoundTest (0 ms total)

[----------] 1 test from AuthCtrlInvalidPasswordTest
[ RUN      ] AuthCtrlInvalidPasswordTest.authCtrlInvalidPasswordTest
DEBUG - JSon Ingresado: {"user":{"name":"Agustin" , "email":"alinari@gmail.com", "password":"1235"} }
DEBUG - INTENTO LOGUEO
[       OK ] AuthCtrlInvalidPasswordTest.authCtrlInvalidPasswordTest (1 ms)
[----------] 1 test from AuthCtrlInvalidPasswordTest (1 ms total)

[----------] 1 test from AuthCtrlNotFoundTest
[ RUN      ] AuthCtrlNotFoundTest.authCtrlNotFoundTest
DEBUG - JSon Ingresado: {"user":{"name":"Agustin" , "email":"alinari@gmail.com", "password":"1235"} }
DEBUG - INTENTO LOGUEO
ERROR - No se encuentra la entidad
[       OK ] AuthCtrlNotFoundTest.authCtrlNotFoundTest (0 ms)
[----------] 1 test from AuthCtrlNotFoundTest (0 ms total)

[----------] Global test environment tear-down
[==========] 4 tests from 4 test cases ran. (7 ms total)
[  PASSED  ] 4 tests.
<end of output>
Test time =   0.25 sec
----------------------------------------------------------
Test Passed.
"mockAuthCtrlTest" end time: Jun 24 22:00 ART
"mockAuthCtrlTest" time elapsed: 00:00:00
----------------------------------------------------------

10/11 Testing: mockAbmUserCtrlTest
10/11 Test: mockAbmUserCtrlTest
Command: "/home/agustin/git/serverapp/AppServer/cmake/mockAbmUserCtrlTest"
Directory: /home/agustin/git/serverapp/AppServer/cmake
"mockAbmUserCtrlTest" start time: Jun 24 22:00 ART
Output:
----------------------------------------------------------
INFO - Iniciando Tests
[==========] Running 13 tests from 13 test cases.
[----------] Global test environment set-up.
[----------] 1 test from AbmUserNewUserCtrlTest
[ RUN      ] AbmUserNewUserCtrlTest.abmUserNewUserCtrlTest
DEBUG - JSon Ingresado: {"user":{"name":"Agustin" , "email":"alinari@gmail.com", "password":"1234"} }
DEBUG - Guardando en db usuario Agustin
DEBUG - EMAIL PARA EL PAYLOAD: alinari@gmail.com 0x1a177a0
DEBUG - TIMESTAMP: 1466816433 0x1a177a0
DEBUG - EXPIRE: 1800 0x1a177a0
DEBUG - TOKEN GENERADO 0x1a177a0
DEBUG - TOKEN: eyJ0eXAiOiJKV1QiLCJhbGciOiJIUzI1NiJ9.eyJlbWFpbCI6ImFsaW5hcmlAZ21haWwuY29tIiwiZXhwaXJlIjoiMTgwMCIsInRpbWVzdGFtcCI6IjE0NjY4MTY0MzMifQ.YVClpsaH6QmJpoFLYVtbs0x2QUsBp6xAh9zyj1jCcFE
[       OK ] AbmUserNewUserCtrlTest.abmUserNewUserCtrlTest (0 ms)
[----------] 1 test from AbmUserNewUserCtrlTest (0 ms total)

[----------] 1 test from AbmCtrlNewUserRemoteErrorTest
[ RUN      ] AbmCtrlNewUserRemoteErrorTest.abmCtrlNewUserRemoteErrorTest
DEBUG - JSon Ingresado: {"user":{"name":"Agustin" , "email":"alinari@gmail.com", "password":"1234"} }
DEBUG - Guardando en db usuario Agustin
DEBUG - EMAIL PARA EL PAYLOAD: alinari@gmail.com 0x1a17e00
DEBUG - TIMESTAMP: 1466816433 0x1a17e00
DEBUG - EXPIRE: 1800 0x1a17e00
DEBUG - TOKEN GENERADO 0x1a17e00
DEBUG - TOKEN: eyJ0eXAiOiJKV1QiLCJhbGciOiJIUzI1NiJ9.eyJlbWFpbCI6ImFsaW5hcmlAZ21haWwuY29tIiwiZXhwaXJlIjoiMTgwMCIsInRpbWVzdGFtcCI6IjE0NjY4MTY0MzMifQ.YVClpsaH6QmJpoFLYVtbs0x2QUsBp6xAh9zyj1jCcFE
ERROR - el shared server retorno error
[       OK ] AbmCtrlNewUserRemoteErrorTest.abmCtrlNewUserRemoteErrorTest (0 ms)
[----------] 1 test from AbmCtrlNewUserRemoteErrorTest (0 ms total)

[----------] 1 test from AbmCtrlNewUserInvalidJsonTest
[ RUN      ] AbmCtrlNewUserInvalidJsonTest.authCtrlNewUserInvalidJsonTest
DEBUG - JSon Ingresado: {"user":{"name":"Agustin" , "email":"alinari@gmail.com", }
[       OK ] AbmCtrlNewUserInvalidJsonTest.authCtrlNewUserInvalidJsonTest (1 ms)
[----------] 1 test from AbmCtrlNewUserInvalidJsonTest (1 ms total)

[----------] 1 test from AbmUserUpdateUserCtrlTest
[ RUN      ] AbmUserUpdateUserCtrlTest.abmUserUpdateUserCtrlTest
DEBUG - JSon Ingresado: {"user":{"name":"Agustin" , "email":"alinari@gmail.com", "password":"1234"} }
DEBUG - Actualizando usuario con id 
[       OK ] AbmUserUpdateUserCtrlTest.abmUserUpdateUserCtrlTest (0 ms)
[----------] 1 test from AbmUserUpdateUserCtrlTest (0 ms total)

[----------] 1 test from AuthCtrlUpdateUserRemoteErrorTest
[ RUN      ] AuthCtrlUpdateUserRemoteErrorTest.authCtrlUpdateUserRemoteErrorTest
DEBUG - JSon Ingresado: {"user":{"name":"Agustin" , "email":"alinari@gmail.com", "password":"1234"} }
DEBUG - Actualizando usuario con id 
ERROR - el shared server retorno error
[       OK ] AuthCtrlUpdateUserRemoteErrorTest.authCtrlUpdateUserRemoteErrorTest (0 ms)
[----------] 1 test from AuthCtrlUpdateUserRemoteErrorTest (0 ms total)

[----------] 1 test from AuthCtrlUpdateUserNotFoundTest
[ RUN      ] AuthCtrlUpdateUserNotFoundTest.authCtrlUpdateUserNotFoundTest
DEBUG - JSon Ingresado: {"user":{"name":"Agustin" , "email":"alinari@gmail.com", "password":"1234"} }
DEBUG - Actualizando usuario con id 
ERROR - No se encuentra la entidad
[       OK ] AuthCtrlUpdateUserNotFoundTest.authCtrlUpdateUserNotFoundTest (0 ms)
[----------] 1 test from AuthCtrlUpdateUserNotFoundTest (0 ms total)

[----------] 1 test from AbmCtrlUpdateUserInvalidJsonTest
[ RUN      ] AbmCtrlUpdateUserInvalidJsonTest.abmCtrlUpdateUserInvalidJsonTest
DEBUG - JSon Ingresado: {"user":{"name":"Agustin" , "email":"alinari@gmail.com", }
ERROR - error parseando json
[       OK ] AbmCtrlUpdateUserInvalidJsonTest.abmCtrlUpdateUserInvalidJsonTest (0 ms)
[----------] 1 test from AbmCtrlUpdateUserInvalidJsonTest (0 ms total)

[----------] 1 test from AbmUserGetPhotoCtrlTest
[ RUN      ] AbmUserGetPhotoCtrlTest.abmUserGetPhotoCtrlTest
DEBUG - Se obtiene la foto del usuario 10
[       OK ] AbmUserGetPhotoCtrlTest.abmUserGetPhotoCtrlTest (1 ms)
[----------] 1 test from AbmUserGetPhotoCtrlTest (1 ms total)

[----------] 1 test from AbmUserGetPhotoInvalidParamsCtrlTest
[ RUN      ] AbmUserGetPhotoInvalidParamsCtrlTest.abmUserGetPhotoInvalidParamsCtrlTest
[       OK ] AbmUserGetPhotoInvalidParamsCtrlTest.abmUserGetPhotoInvalidParamsCtrlTest (0 ms)
[----------] 1 test from AbmUserGetPhotoInvalidParamsCtrlTest (0 ms total)

[----------] 1 test from AbmUserGetPhotoRemoteErrorCtrlTest
[ RUN      ] AbmUserGetPhotoRemoteErrorCtrlTest.abmUserGetPhotoRemoteErrorCtrlTest
DEBUG - Se obtiene la foto del usuario 10
ERROR - el shared server retorno error
[       OK ] AbmUserGetPhotoRemoteErrorCtrlTest.abmUserGetPhotoRemoteErrorCtrlTest (0 ms)
[----------] 1 test from AbmUserGetPhotoRemoteErrorCtrlTest (0 ms total)

[----------] 1 test from AbmUserGetPhotoNotFoundCtrlTest
[ RUN      ] AbmUserGetPhotoNotFoundCtrlTest.abmUserGetPhotoNotFoundCtrlTest
DEBUG - Se obtiene la foto del usuario 10
ERROR - No se encuentra la entidad
[       OK ] AbmUserGetPhotoNotFoundCtrlTest.abmUserGetPhotoNotFoundCtrlTest (0 ms)
[----------] 1 test from AbmUserGetPhotoNotFoundCtrlTest (0 ms total)

[----------] 1 test from AbmUserGetInterestsTest
[ RUN      ] AbmUserGetInterestsTest.abmUserGetInterestsTest
[       OK ] AbmUserGetInterestsTest.abmUserGetInterestsTest (1 ms)
[----------] 1 test from AbmUserGetInterestsTest (1 ms total)

[----------] 1 test from AbmUserGetInterestsRemoteErrorTest
[ RUN      ] AbmUserGetInterestsRemoteErrorTest.abmUserGetInterestsRemoteErrorTest
ERROR - el shared server retorno error
[       OK ] AbmUserGetInterestsRemoteErrorTest.abmUserGetInterestsRemoteErrorTest (0 ms)
[----------] 1 test from AbmUserGetInterestsRemoteErrorTest (0 ms total)

[----------] Global test environment tear-down
[==========] 13 tests from 13 test cases ran. (5 ms total)
[  PASSED  ] 13 tests.
<end of output>
Test time =   0.20 sec
----------------------------------------------------------
Test Passed.
"mockAbmUserCtrlTest" end time: Jun 24 22:00 ART
"mockAbmUserCtrlTest" time elapsed: 00:00:00
----------------------------------------------------------

11/11 Testing: mockSearchServiceTest
11/11 Test: mockSearchServiceTest
Command: "/home/agustin/git/serverapp/AppServer/cmake/mockSearchServiceTest"
Directory: /home/agustin/git/serverapp/AppServer/cmake
"mockSearchServiceTest" start time: Jun 24 22:00 ART
Output:
----------------------------------------------------------
INFO - Iniciando Tests
[==========] Running 4 tests from 4 test cases.
[----------] Global test environment set-up.
[----------] 1 test from SearchServiceFilterSameUserTest
[ RUN      ] SearchServiceFilterSameUserTest.searchServiceFilterSameUserTest

GMOCK WARNING:
Uninteresting mock function call - returning directly.
    Function call: put("stats", 0xd5cf30)
NOTE: You can safely ignore the above warning unless this call should not happen.  Do not suppress it by blindly adding an EXPECT_CALL() if you don't mean to enforce the call.  See https://github.com/google/googletest/blob/master/googlemock/docs/CookBook.md#knowing-when-to-expect for details.
DEBUG - Ejecutando algoritmo de busqueda de candidatos
DEBUG - El candidato psivori es filtrado por ser el mismo usuario
[       OK ] SearchServiceFilterSameUserTest.searchServiceFilterSameUserTest (1 ms)
[----------] 1 test from SearchServiceFilterSameUserTest (1 ms total)

[----------] 1 test from SearchServiceFilterMatchedTest
[ RUN      ] SearchServiceFilterMatchedTest.searchServiceFilterMatchedTest

GMOCK WARNING:
Uninteresting mock function call - returning directly.
    Function call: put("stats", 0xd625f0)
NOTE: You can safely ignore the above warning unless this call should not happen.  Do not suppress it by blindly adding an EXPECT_CALL() if you don't mean to enforce the call.  See https://github.com/google/googletest/blob/master/googlemock/docs/CookBook.md#knowing-when-to-expect for details.
DEBUG - Ejecutando algoritmo de busqueda de candidatos
DEBUG - El candidato alinari es filtrado por ya estar evaluado por los usuarios
[       OK ] SearchServiceFilterMatchedTest.searchServiceFilterMatchedTest (1 ms)
[----------] 1 test from SearchServiceFilterMatchedTest (1 ms total)

[----------] 1 test from SearchServiceFilterDistanceTest
[ RUN      ] SearchServiceFilterDistanceTest.searchServiceFilterDistanceTest

GMOCK WARNING:
Uninteresting mock function call - returning directly.
    Function call: put("stats", 0xd5f490)
NOTE: You can safely ignore the above warning unless this call should not happen.  Do not suppress it by blindly adding an EXPECT_CALL() if you don't mean to enforce the call.  See https://github.com/google/googletest/blob/master/googlemock/docs/CookBook.md#knowing-when-to-expect for details.
DEBUG - Ejecutando algoritmo de busqueda de candidatos
DEBUG - El candidato alinari es filtrado por la distancia
[       OK ] SearchServiceFilterDistanceTest.searchServiceFilterDistanceTest (0 ms)
[----------] 1 test from SearchServiceFilterDistanceTest (1 ms total)

[----------] 1 test from SearchServiceFilterInterestTest
[ RUN      ] SearchServiceFilterInterestTest.searchServiceFilterInterestTest

GMOCK WARNING:
Uninteresting mock function call - returning directly.
    Function call: put("stats", 0xd61fb0)
NOTE: You can safely ignore the above warning unless this call should not happen.  Do not suppress it by blindly adding an EXPECT_CALL() if you don't mean to enforce the call.  See https://github.com/google/googletest/blob/master/googlemock/docs/CookBook.md#knowing-when-to-expect for details.
DEBUG - Ejecutando algoritmo de busqueda de candidatos
DEBUG - El candidato alinari se agrega a los resultados de la busqueda
[       OK ] SearchServiceFilterInterestTest.searchServiceFilterInterestTest (1 ms)
[----------] 1 test from SearchServiceFilterInterestTest (2 ms total)

[----------] Global test environment tear-down
[==========] 4 tests from 4 test cases ran. (6 ms total)
[  PASSED  ] 4 tests.
<end of output>
Test time =   0.24 sec
----------------------------------------------------------
Test Passed.
"mockSearchServiceTest" end time: Jun 24 22:00 ART
"mockSearchServiceTest" time elapsed: 00:00:00
----------------------------------------------------------

End testing: Jun 24 22:00 ART
