Start testing: Jun 11 17:24 ART
----------------------------------------------------------
1/4 Testing: mockAuthenticationCtrlTest
1/4 Test: mockAuthenticationCtrlTest
Command: "/home/agustin/git/serverapp/AppServer/cmake/mockAuthenticationCtrlTest"
Directory: /home/agustin/git/serverapp/AppServer/cmake
"mockAuthenticationCtrlTest" start time: Jun 11 17:24 ART
Output:
----------------------------------------------------------
INFO - Iniciando Tests
[==========] Running 3 tests from 3 test cases.
[----------] Global test environment set-up.
[----------] 1 test from JwTokenTest
[ RUN      ] JwTokenTest.generatingToken
DEBUG - EMAIL PARA EL PAYLOAD: sivori.daniel@gmail.com 0x18baee0
DEBUG - TIMESTAMP: 1465676644 0x18baee0
DEBUG - EXPIRE: 60 0x18baee0
DEBUG - TOKEN GENERADO 0x18baee0
*****************************************************************
TOKEN GENERADO: eyJ0eXAiOiJKV1QiLCJhbGciOiJIUzI1NiJ9.eyJlbWFpbCI6InNpdm9yaS5kYW5pZWxAZ21haWwuY29tIiwiZXhwaXJlIjoiNjAiLCJ0aW1lc3RhbXAiOiIxNDY1Njc2NjQ0In0.J1xGp3WCMsfy9V62ncNZTmevXVZaMQ4isvU5la2EB3I
*****************************************************************
[       OK ] JwTokenTest.generatingToken (3 ms)
[----------] 1 test from JwTokenTest (3 ms total)

[----------] 1 test from AuthorizationTokenTest
[ RUN      ] AuthorizationTokenTest.isValidToken
DEBUG - EMAIL PARA EL PAYLOAD: 17 0x18baee0
DEBUG - TIMESTAMP: 1465676644 0x18baee0
DEBUG - EXPIRE: 60 0x18baee0
DEBUG - TOKEN GENERADO 0x18baee0
[       OK ] AuthorizationTokenTest.isValidToken (0 ms)
[----------] 1 test from AuthorizationTokenTest (1 ms total)

[----------] 1 test from AuthenticationServiceTest
[ RUN      ] AuthenticationServiceTest.login
DEBUG - JSON: {"user":{"email":"","id":"1","name":"sivori.daniel@gmail.com","password":"password","token":""}}

DEBUG - Password base password
DEBUG - Password ingresado password
DEBUG - Email base 
[       OK ] AuthenticationServiceTest.login (0 ms)
[----------] 1 test from AuthenticationServiceTest (1 ms total)

[----------] Global test environment tear-down
[==========] 3 tests from 3 test cases ran. (11 ms total)
[  PASSED  ] 3 tests.
<end of output>
Test time =   0.04 sec
----------------------------------------------------------
Test Passed.
"mockAuthenticationCtrlTest" end time: Jun 11 17:24 ART
"mockAuthenticationCtrlTest" time elapsed: 00:00:00
----------------------------------------------------------

2/4 Testing: mockMatchServiceTest
2/4 Test: mockMatchServiceTest
Command: "/home/agustin/git/serverapp/AppServer/cmake/mockMatchServiceTest"
Directory: /home/agustin/git/serverapp/AppServer/cmake
"mockMatchServiceTest" start time: Jun 11 17:24 ART
Output:
----------------------------------------------------------
INFO - Iniciando Tests
[==========] Running 18 tests from 18 test cases.
[----------] Global test environment set-up.
[----------] 1 test from MatchServiceConfirmTest
[ RUN      ] MatchServiceConfirmTest.confirmingUser
INFO - Confirmando match con usuario alinari para usuario psivori

GMOCK WARNING:
Uninteresting mock function call - returning directly.
    Function call: put("psivori", 0x2628150)
NOTE: You can safely ignore the above warning unless this call should not happen.  Do not suppress it by blindly adding an EXPECT_CALL() if you don't mean to enforce the call.  See https://github.com/google/googletest/blob/master/googlemock/docs/CookBook.md#knowing-when-to-expect for details.
INFO - Se crea el chat entre el usuario alinari y el usuario psivori
[       OK ] MatchServiceConfirmTest.confirmingUser (1 ms)
[----------] 1 test from MatchServiceConfirmTest (1 ms total)

[----------] 1 test from MatchServiceConfirmBadUserTest
[ RUN      ] MatchServiceConfirmBadUserTest.confirmingBadUser
ERROR - Es el mismo usuario
[       OK ] MatchServiceConfirmBadUserTest.confirmingBadUser (0 ms)
[----------] 1 test from MatchServiceConfirmBadUserTest (0 ms total)

[----------] 1 test from MatchServiceConfirmUserIsInAcceptedListTest
[ RUN      ] MatchServiceConfirmUserIsInAcceptedListTest.confirmingUserIsInAcceptedList
ERROR - El usuario alinari ya se encuentra en la lista de aceptados
[       OK ] MatchServiceConfirmUserIsInAcceptedListTest.confirmingUserIsInAcceptedList (1 ms)
[----------] 1 test from MatchServiceConfirmUserIsInAcceptedListTest (1 ms total)

[----------] 1 test from MatchServiceConfirmUserIsInRejectedListTest
[ RUN      ] MatchServiceConfirmUserIsInRejectedListTest.confirmingUserIsInRejectedList
ERROR - El usuario alinari ya se encuentra en la lista de rechazados
[       OK ] MatchServiceConfirmUserIsInRejectedListTest.confirmingUserIsInRejectedList (0 ms)
[----------] 1 test from MatchServiceConfirmUserIsInRejectedListTest (0 ms total)

[----------] 1 test from MatchServiceConfirmUserIsNotMatchedTest
[ RUN      ] MatchServiceConfirmUserIsNotMatchedTest.confirmingUserIsNotMatched
[       OK ] MatchServiceConfirmUserIsNotMatchedTest.confirmingUserIsNotMatched (0 ms)
[----------] 1 test from MatchServiceConfirmUserIsNotMatchedTest (0 ms total)

[----------] 1 test from MatchServiceAccept1Test
[ RUN      ] MatchServiceAccept1Test.acceptingUser1
INFO - Agregando el usuario alinari a la lista de aceptados de psivori
[       OK ] MatchServiceAccept1Test.acceptingUser1 (0 ms)
[----------] 1 test from MatchServiceAccept1Test (1 ms total)

[----------] 1 test from MatchServiceAccept2Test
[ RUN      ] MatchServiceAccept2Test.acceptingUser2
INFO - Agregando el usuario alinari a la lista de aceptados de psivori
[       OK ] MatchServiceAccept2Test.acceptingUser2 (0 ms)
[----------] 1 test from MatchServiceAccept2Test (0 ms total)

[----------] 1 test from MatchServiceAcceptBadUserTest
[ RUN      ] MatchServiceAcceptBadUserTest.acceptingBadUser
ERROR - Es el mismo usuario
[       OK ] MatchServiceAcceptBadUserTest.acceptingBadUser (0 ms)
[----------] 1 test from MatchServiceAcceptBadUserTest (0 ms total)

[----------] 1 test from MatchServiceAcceptUserIsInRejectedListTest
[ RUN      ] MatchServiceAcceptUserIsInRejectedListTest.confirmingUserIsInRejectedList
ERROR - El usuario alinari ya se encuentra en la lista de rechazados
ERROR - La entidad ya existe
[       OK ] MatchServiceAcceptUserIsInRejectedListTest.confirmingUserIsInRejectedList (0 ms)
[----------] 1 test from MatchServiceAcceptUserIsInRejectedListTest (0 ms total)

[----------] 1 test from MatchServiceAcceptUserIsMatchedTest
[ RUN      ] MatchServiceAcceptUserIsMatchedTest.confirmingUserIsMatched

GMOCK WARNING:
Uninteresting mock function call - returning default value.
    Function call: getChat("psivori", "jferrio")
          Returns: NULL
NOTE: You can safely ignore the above warning unless this call should not happen.  Do not suppress it by blindly adding an EXPECT_CALL() if you don't mean to enforce the call.  See https://github.com/google/googletest/blob/master/googlemock/docs/CookBook.md#knowing-when-to-expect for details.
ERROR - Los usuarios ya estan matcheados
ERROR - La entidad ya existe
[       OK ] MatchServiceAcceptUserIsMatchedTest.confirmingUserIsMatched (0 ms)
[----------] 1 test from MatchServiceAcceptUserIsMatchedTest (0 ms total)

[----------] 1 test from MatchServiceAcceptChatExistsTest
[ RUN      ] MatchServiceAcceptChatExistsTest.confirmingUserChatExists
ERROR - Los usuarios ya estan matcheados
ERROR - La entidad ya existe
[       OK ] MatchServiceAcceptChatExistsTest.confirmingUserChatExists (1 ms)
[----------] 1 test from MatchServiceAcceptChatExistsTest (1 ms total)

[----------] 1 test from MatchServiceRejectTest
[ RUN      ] MatchServiceRejectTest.rejectingUser
INFO - Agregando el usuario alinari a la lista de rechazados de psivori
[       OK ] MatchServiceRejectTest.rejectingUser (0 ms)
[----------] 1 test from MatchServiceRejectTest (0 ms total)

[----------] 1 test from MatchServiceRejectBadUserTest
[ RUN      ] MatchServiceRejectBadUserTest.rejectingBadUser
ERROR - Es el mismo usuario
[       OK ] MatchServiceRejectBadUserTest.rejectingBadUser (0 ms)
[----------] 1 test from MatchServiceRejectBadUserTest (0 ms total)

[----------] 1 test from MatchServiceRejectUserIsInAceptedListTest
[ RUN      ] MatchServiceRejectUserIsInAceptedListTest.rejectingUserIsInAceptedList
ERROR - El usuario alinari ya se encuentra en la lista de aceptados
ERROR - La entidad ya existe
[       OK ] MatchServiceRejectUserIsInAceptedListTest.rejectingUserIsInAceptedList (0 ms)
[----------] 1 test from MatchServiceRejectUserIsInAceptedListTest (0 ms total)

[----------] 1 test from MatchServiceRejectUserIsInRejectedListTest
[ RUN      ] MatchServiceRejectUserIsInRejectedListTest.rejectingUserIsInRejectedList
ERROR - El usuario alinari ya se encuentra en la lista de rechazados
[       OK ] MatchServiceRejectUserIsInRejectedListTest.rejectingUserIsInRejectedList (0 ms)
[----------] 1 test from MatchServiceRejectUserIsInRejectedListTest (0 ms total)

[----------] 1 test from MatchServiceRejectUserIsMatchedTest
[ RUN      ] MatchServiceRejectUserIsMatchedTest.rejectingUserIsMatched

GMOCK WARNING:
Uninteresting mock function call - returning default value.
    Function call: getChat("psivori", "jferrio")
          Returns: NULL
NOTE: You can safely ignore the above warning unless this call should not happen.  Do not suppress it by blindly adding an EXPECT_CALL() if you don't mean to enforce the call.  See https://github.com/google/googletest/blob/master/googlemock/docs/CookBook.md#knowing-when-to-expect for details.
ERROR - Los usuarios ya estan matcheados
ERROR - La entidad ya existe
[       OK ] MatchServiceRejectUserIsMatchedTest.rejectingUserIsMatched (0 ms)
[----------] 1 test from MatchServiceRejectUserIsMatchedTest (0 ms total)

[----------] 1 test from MatchServiceRejectChatExistsTest
[ RUN      ] MatchServiceRejectChatExistsTest.rejectingUserChatExists
ERROR - Los usuarios ya estan matcheados
ERROR - La entidad ya existe
[       OK ] MatchServiceRejectChatExistsTest.rejectingUserChatExists (0 ms)
[----------] 1 test from MatchServiceRejectChatExistsTest (0 ms total)

[----------] 1 test from MatchServiceTest
[ RUN      ] MatchServiceTest.getNewMatches
INFO - Obteniendo la lista de nuevos matches del usuario psivori
[       OK ] MatchServiceTest.getNewMatches (0 ms)
[----------] 1 test from MatchServiceTest (5 ms total)

[----------] Global test environment tear-down
[==========] 18 tests from 18 test cases ran. (13 ms total)
[  PASSED  ] 18 tests.
<end of output>
Test time =   0.06 sec
----------------------------------------------------------
Test Passed.
"mockMatchServiceTest" end time: Jun 11 17:24 ART
"mockMatchServiceTest" time elapsed: 00:00:00
----------------------------------------------------------

3/4 Testing: mockChatServiceTest
3/4 Test: mockChatServiceTest
Command: "/home/agustin/git/serverapp/AppServer/cmake/mockChatServiceTest"
Directory: /home/agustin/git/serverapp/AppServer/cmake
"mockChatServiceTest" start time: Jun 11 17:24 ART
Output:
----------------------------------------------------------
INFO - Iniciando Tests
[==========] Running 12 tests from 12 test cases.
[----------] Global test environment set-up.
[----------] 1 test from ChatServiceGetAllMessagesTest
[ RUN      ] ChatServiceGetAllMessagesTest.getAllMessages
[       OK ] ChatServiceGetAllMessagesTest.getAllMessages (1 ms)
[----------] 1 test from ChatServiceGetAllMessagesTest (1 ms total)

[----------] 1 test from ChatServiceGetAllMessagesNonexistentChatTest
[ RUN      ] ChatServiceGetAllMessagesNonexistentChatTest.getAllMessagesNonexistentChat
ERROR - No se encuentra el chat alinari-psivori
[       OK ] ChatServiceGetAllMessagesNonexistentChatTest.getAllMessagesNonexistentChat (0 ms)
[----------] 1 test from ChatServiceGetAllMessagesNonexistentChatTest (1 ms total)

[----------] 1 test from ChatServiceGetNewMessagesTest
[ RUN      ] ChatServiceGetNewMessagesTest.getNewMessages
[       OK ] ChatServiceGetNewMessagesTest.getNewMessages (0 ms)
[----------] 1 test from ChatServiceGetNewMessagesTest (0 ms total)

[----------] 1 test from ChatServiceGetNewMessagesNonexistentChatTest
[ RUN      ] ChatServiceGetNewMessagesNonexistentChatTest.getNewMessagesNonexistentChat
ERROR - No se encuentra el chat alinari-psivori
[       OK ] ChatServiceGetNewMessagesNonexistentChatTest.getNewMessagesNonexistentChat (0 ms)
[----------] 1 test from ChatServiceGetNewMessagesNonexistentChatTest (1 ms total)

[----------] 1 test from ChatServiceAddNewMessageTest
[ RUN      ] ChatServiceAddNewMessageTest.addNewMessage
[       OK ] ChatServiceAddNewMessageTest.addNewMessage (0 ms)
[----------] 1 test from ChatServiceAddNewMessageTest (0 ms total)

[----------] 1 test from ChatServiceAddNewMessageNonexistentChatTest
[ RUN      ] ChatServiceAddNewMessageNonexistentChatTest.addNewMessageNonexistentChat
ERROR - No se encuentra el chat alinari-psivori
[       OK ] ChatServiceAddNewMessageNonexistentChatTest.addNewMessageNonexistentChat (0 ms)
[----------] 1 test from ChatServiceAddNewMessageNonexistentChatTest (1 ms total)

[----------] 1 test from ChatServiceUpdateLastMessageTest
[ RUN      ] ChatServiceUpdateLastMessageTest.updateLastMessage
[       OK ] ChatServiceUpdateLastMessageTest.updateLastMessage (0 ms)
[----------] 1 test from ChatServiceUpdateLastMessageTest (0 ms total)

[----------] 1 test from ChatServiceUpdateLastMessageNonexistentChatTest
[ RUN      ] ChatServiceUpdateLastMessageNonexistentChatTest.updateLastMessageNonexistentChat
ERROR - No se encuentra el chat alinari-psivori
[       OK ] ChatServiceUpdateLastMessageNonexistentChatTest.updateLastMessageNonexistentChat (1 ms)
[----------] 1 test from ChatServiceUpdateLastMessageNonexistentChatTest (1 ms total)

[----------] 1 test from ChatServiceCreateChatTest
[ RUN      ] ChatServiceCreateChatTest.createChat
[       OK ] ChatServiceCreateChatTest.createChat (0 ms)
[----------] 1 test from ChatServiceCreateChatTest (0 ms total)

[----------] 1 test from ChatServiceCreateExistentChatTest
[ RUN      ] ChatServiceCreateExistentChatTest.createExistentChat

GMOCK WARNING:
Uninteresting mock function call - returning default value.
    Function call: get("jferrio-psivori")
          Returns: NULL
NOTE: You can safely ignore the above warning unless this call should not happen.  Do not suppress it by blindly adding an EXPECT_CALL() if you don't mean to enforce the call.  See https://github.com/google/googletest/blob/master/googlemock/docs/CookBook.md#knowing-when-to-expect for details.
WARN - La conversacion jferrio-psivori ya existe
[       OK ] ChatServiceCreateExistentChatTest.createExistentChat (0 ms)
[----------] 1 test from ChatServiceCreateExistentChatTest (0 ms total)

[----------] 1 test from ChatServiceGetChatTest
[ RUN      ] ChatServiceGetChatTest.getChatTest
[       OK ] ChatServiceGetChatTest.getChatTest (0 ms)
[----------] 1 test from ChatServiceGetChatTest (0 ms total)

[----------] 1 test from ChatServiceGetNonexistentChatTest
[ RUN      ] ChatServiceGetNonexistentChatTest.updateLastMessageNonexistentChat
[       OK ] ChatServiceGetNonexistentChatTest.updateLastMessageNonexistentChat (0 ms)
[----------] 1 test from ChatServiceGetNonexistentChatTest (0 ms total)

[----------] Global test environment tear-down
[==========] 12 tests from 12 test cases ran. (9 ms total)
[  PASSED  ] 12 tests.
<end of output>
Test time =   0.04 sec
----------------------------------------------------------
Test Passed.
"mockChatServiceTest" end time: Jun 11 17:24 ART
"mockChatServiceTest" time elapsed: 00:00:00
----------------------------------------------------------

4/4 Testing: mockABMUsersServiceTest
4/4 Test: mockABMUsersServiceTest
Command: "/home/agustin/git/serverapp/AppServer/cmake/mockABMUsersServiceTest"
Directory: /home/agustin/git/serverapp/AppServer/cmake
"mockABMUsersServiceTest" start time: Jun 11 17:24 ART
Output:
----------------------------------------------------------
INFO - Iniciando Tests
[==========] Running 11 tests from 11 test cases.
[----------] Global test environment set-up.
[----------] 1 test from AbmUserServiceCreateUser
[ RUN      ] AbmUserServiceCreateUser.createUserTest
INFO - El usuario con email juan@gmail.com no esta registrado. Se continua con la registración.
[       OK ] AbmUserServiceCreateUser.createUserTest (0 ms)
[----------] 1 test from AbmUserServiceCreateUser (0 ms total)

[----------] 1 test from AbmUserServiceCreateUserInvalid
[ RUN      ] AbmUserServiceCreateUserInvalid.createUserInvalidTest
INFO - El usuario con email juan@gmail.com no esta registrado. Se continua con la registración.
ERROR - El usuario juan con email juan@gmail.com no se pudo crear.
[       OK ] AbmUserServiceCreateUserInvalid.createUserInvalidTest (1 ms)
[----------] 1 test from AbmUserServiceCreateUserInvalid (1 ms total)

[----------] 1 test from AbmUserServiceCreateUserExists
[ RUN      ] AbmUserServiceCreateUserExists.createUserExistsTest
ERROR - El usuario juan con email juan@gmail.com no se puede crear porque ya existe.
[       OK ] AbmUserServiceCreateUserExists.createUserExistsTest (0 ms)
[----------] 1 test from AbmUserServiceCreateUserExists (0 ms total)

[----------] 1 test from AbmUserServiceCreateUserRemoteError
[ RUN      ] AbmUserServiceCreateUserRemoteError.createUserRemoteErrorTest
INFO - El usuario con email juan@gmail.com no esta registrado. Se continua con la registración.
ERROR - El usuario juan con email juan@gmail.com no se puede crear porque falló el post.
[       OK ] AbmUserServiceCreateUserRemoteError.createUserRemoteErrorTest (0 ms)
[----------] 1 test from AbmUserServiceCreateUserRemoteError (0 ms total)

[----------] 1 test from AbmUserServiceModifyUser
[ RUN      ] AbmUserServiceModifyUser.modifyUserTest
[       OK ] AbmUserServiceModifyUser.modifyUserTest (0 ms)
[----------] 1 test from AbmUserServiceModifyUser (2 ms total)

[----------] 1 test from AbmUserServiceModifyUserInvalid
[ RUN      ] AbmUserServiceModifyUserInvalid.modifyUserInvalidTest
ERROR - El usuario juan con id 1 no se pudo actualizar.
[       OK ] AbmUserServiceModifyUserInvalid.modifyUserInvalidTest (1 ms)
[----------] 1 test from AbmUserServiceModifyUserInvalid (1 ms total)

[----------] 1 test from AbmUserServiceModifyUserExists
[ RUN      ] AbmUserServiceModifyUserExists.modifyUserExistsTest
ERROR - El usuario juan con email juan@gmail.com no se encuentra.
[       OK ] AbmUserServiceModifyUserExists.modifyUserExistsTest (0 ms)
[----------] 1 test from AbmUserServiceModifyUserExists (0 ms total)

[----------] 1 test from AbmUserServiceModifyUserRemoteError
[ RUN      ] AbmUserServiceModifyUserRemoteError.modifyUserRemoteErrorTest
ERROR - Error en comunicacion con shared service.
[       OK ] AbmUserServiceModifyUserRemoteError.modifyUserRemoteErrorTest (0 ms)
[----------] 1 test from AbmUserServiceModifyUserRemoteError (0 ms total)

[----------] 1 test from AbmUserServiceGetInterestsTest
[ RUN      ] AbmUserServiceGetInterestsTest.getInterestsTest
[       OK ] AbmUserServiceGetInterestsTest.getInterestsTest (0 ms)
[----------] 1 test from AbmUserServiceGetInterestsTest (0 ms total)

[----------] 1 test from AbmUserServiceGetInterestsRemoteError
[ RUN      ] AbmUserServiceGetInterestsRemoteError.getInterestsRemoteErrorTest
ERROR - el shared server retorno error
[       OK ] AbmUserServiceGetInterestsRemoteError.getInterestsRemoteErrorTest (0 ms)
[----------] 1 test from AbmUserServiceGetInterestsRemoteError (0 ms total)

[----------] 1 test from AbmUserServiceGetInterestsInvalidJson
[ RUN      ] AbmUserServiceGetInterestsInvalidJson.getInterestsInvalidJsonTest
ERROR - error parseando json
[       OK ] AbmUserServiceGetInterestsInvalidJson.getInterestsInvalidJsonTest (1 ms)
[----------] 1 test from AbmUserServiceGetInterestsInvalidJson (1 ms total)

[----------] Global test environment tear-down
[==========] 11 tests from 11 test cases ran. (5 ms total)
[  PASSED  ] 11 tests.
<end of output>
Test time =   0.03 sec
----------------------------------------------------------
Test Passed.
"mockABMUsersServiceTest" end time: Jun 11 17:24 ART
"mockABMUsersServiceTest" time elapsed: 00:00:00
----------------------------------------------------------

End testing: Jun 11 17:24 ART
