Start testing: Apr 17 19:04 ART
----------------------------------------------------------
1/1 Testing: AuthenticationControllerTest
1/1 Test: AuthenticationControllerTest
Command: "/home/pablo/Escritorio/workspace/taller/serverapp/AppServer/test/cmake/AuthenticationControllerTest"
Directory: /home/pablo/Escritorio/workspace/taller/serverapp/AppServer/test/cmake
"AuthenticationControllerTest" start time: Apr 17 19:04 ART
Output:
----------------------------------------------------------
Running main() from gtest_main.cc
[==========] Running 1 test from 1 test case.
[----------] Global test environment set-up.
[----------] 1 test from AuthenticationControllerTest
[ RUN      ] AuthenticationControllerTest.Trivial
[       OK ] AuthenticationControllerTest.Trivial (0 ms)
[----------] 1 test from AuthenticationControllerTest (0 ms total)

[----------] Global test environment tear-down
[==========] 1 test from 1 test case ran. (0 ms total)
[  PASSED  ] 1 test.
<end of output>
Test time =   0.01 sec
----------------------------------------------------------
Test Passed.
"AuthenticationControllerTest" end time: Apr 17 19:04 ART
"AuthenticationControllerTest" time elapsed: 00:00:00
----------------------------------------------------------

End testing: Apr 17 19:04 ART
