Start testing: Apr 26 00:42 ART
----------------------------------------------------------
1/1 Testing: mockAuthenticationCtrlTest
1/1 Test: mockAuthenticationCtrlTest
Command: "/home/pablo/Escritorio/workspace/taller/serverapp/AppServer/test/mockAuthenticationCtrlTest"
Directory: /home/pablo/Escritorio/workspace/taller/serverapp/AppServer/test
"mockAuthenticationCtrlTest" start time: Apr 26 00:42 ART
Output:
----------------------------------------------------------
INFO - Iniciando Tests
[==========] Running 3 tests from 3 test cases.
[----------] Global test environment set-up.
[----------] 1 test from JwTokenTest
[ RUN      ] JwTokenTest.generatingToken
*****************************************************************
TOKEN GENERADO: eyJ0eXAiOiJKV1QiLCJhbGciOiJIUzI1NiJ9.eyJleHBpcmUiOiI2MCIsInRpbWVzdGFtcCI6IjE0NjE2NDIxMjQiLCJ1c2VybmFtZSI6InBzaXZvcmkifQ.oIENf5nIRz7Nnp9Q7Dz3gieYz4h-uGDyvGYWUH5gzAo
*****************************************************************
[       OK ] JwTokenTest.generatingToken (0 ms)
[----------] 1 test from JwTokenTest (0 ms total)

[----------] 1 test from AuthorizationTokenTest
[ RUN      ] AuthorizationTokenTest.isValidToken
[       OK ] AuthorizationTokenTest.isValidToken (1 ms)
[----------] 1 test from AuthorizationTokenTest (1 ms total)

[----------] 1 test from AuthenticationServiceTest
[ RUN      ] AuthenticationServiceTest.login
[       OK ] AuthenticationServiceTest.login (0 ms)
[----------] 1 test from AuthenticationServiceTest (0 ms total)

[----------] Global test environment tear-down
[==========] 3 tests from 3 test cases ran. (1 ms total)
[  PASSED  ] 3 tests.
<end of output>
Test time =   0.02 sec
----------------------------------------------------------
Test Passed.
"mockAuthenticationCtrlTest" end time: Apr 26 00:42 ART
"mockAuthenticationCtrlTest" time elapsed: 00:00:00
----------------------------------------------------------

End testing: Apr 26 00:42 ART
